<?xml version="1.0" encoding="UTF-8"?>
<!-- Generated by org.testng.reporters.JUnitXMLReporter -->
<testsuite ignored="3" hostname="AILT-100416" failures="0" tests="1" name="Release" time="55.495" errors="0" timestamp="2024-08-05T13:03:02 IST">
  <testcase classname="ZZ_Issues_AutomationTestScripts.TC_05_02_BOM_SFG_Add_2RM_No_KSM_update" name="BillOfMaterialRelease" time="48.865"/>
  <testcase classname="ZZ_Issues_AutomationTestScripts.TC_05_02_BOM_SFG_Add_2RM_No_KSM_update" name="BillOfMaterialReturn" time="0.0">
    <ignored/>
  </testcase> <!-- BillOfMaterialReturn -->
  <testcase classname="ZZ_Issues_AutomationTestScripts.TC_05_02_BOM_SFG_Add_2RM_No_KSM_update" name="BillOfMaterialCreate" time="0.0">
    <ignored/>
  </testcase> <!-- BillOfMaterialCreate -->
  <testcase classname="ZZ_Issues_AutomationTestScripts.TC_05_02_BOM_SFG_Add_2RM_No_KSM_update" name="BillOfMaterialReInitiate" time="0.0">
    <ignored/>
  </testcase> <!-- BillOfMaterialReInitiate -->
</testsuite> <!-- Release -->
