<?xml version="1.0" encoding="UTF-8"?>
<!-- Generated by org.testng.reporters.JUnitXMLReporter -->
<testsuite ignored="2" hostname="AILT-100416" failures="0" tests="1" name="Return" time="51.411" errors="0" timestamp="2024-08-05T12:13:58 IST">
  <testcase classname="ZZ_Issues_AutomationTestScripts.TC_05_02_BOM_SFG_Add_2RM_No_KSM_update" name="BillOfMaterialReturn" time="45.544"/>
  <testcase classname="ZZ_Issues_AutomationTestScripts.TC_05_02_BOM_SFG_Add_2RM_No_KSM_update" name="BillOfMaterialRelease" time="0.0">
    <ignored/>
  </testcase> <!-- BillOfMaterialRelease -->
  <testcase classname="ZZ_Issues_AutomationTestScripts.TC_05_02_BOM_SFG_Add_2RM_No_KSM_update" name="BillOfMaterialCreate" time="0.0">
    <ignored/>
  </testcase> <!-- BillOfMaterialCreate -->
</testsuite> <!-- Return -->
