<?xml version="1.0" encoding="UTF-8"?>
<!-- Generated by org.testng.reporters.JUnitXMLReporter -->
<testsuite ignored="1" hostname="AILT-100416" failures="0" tests="1" name="BatchOrderRelease" time="59.039" errors="0" timestamp="2024-07-16T15:35:37 IST">
  <testcase classname="ZZ_Issues_AutomationTestScripts.TC_O1_BatchOrder_update" name="BatchOrderRelease" time="52.614"/>
  <testcase classname="ZZ_Issues_AutomationTestScripts.TC_O1_BatchOrder_update" name="BatchOrder" time="0.0">
    <ignored/>
  </testcase> <!-- BatchOrder -->
</testsuite> <!-- BatchOrderRelease -->
