<?xml version="1.0" encoding="UTF-8"?>
<!-- Generated by org.testng.reporters.JUnitXMLReporter -->
<testsuite ignored="3" hostname="AILT-100416" failures="1" tests="1" name="CreateTest" time="52.063" errors="0" timestamp="2024-08-05T18:15:53 IST">
  <testcase classname="ZZ_Issues_AutomationTestScripts.GoodsdsIssue_agnstMaterialRqst_Issue_Updated2" name="Create" time="48.301">
    <failure type="java.lang.AssertionError" message="The following asserts failed:
	Issued Quantity is not equal to 0.000. Actual is: Select expected [0.000] but found [Select],
	Failed to parse issued quantities as double: For input string: &amp;quot;Select&amp;quot;,
	After batch issuance, the balance quantity value does not match the balance Quantity label value: 10.000 expected [0.0] but found [10.0]">
      <![CDATA[java.lang.AssertionError: The following asserts failed:
Issued Quantity is not equal to 0.000. Actual is: Select expected [0.000] but found [Select],
Failed to parse issued quantities as double: For input string: "Select",
After batch issuance, the balance quantity value does not match the balance Quantity label value: 10.000 expected [0.0] but found [10.0]
at ZZ_Issues_AutomationTestScripts.GoodsdsIssue_agnstMaterialRqst_Issue_Updated2.Create(GoodsdsIssue_agnstMaterialRqst_Issue_Updated2.java:140)
at java.base/java.util.ArrayList.forEach(ArrayList.java:1511)
... Removed 27 stack frames]]>
    </failure>
  </testcase> <!-- Create -->
  <testcase classname="ZZ_Issues_AutomationTestScripts.GoodsdsIssue_agnstMaterialRqst_Issue_Updated2" name="ReleseAndReturnAgain" time="0.0">
    <ignored/>
  </testcase> <!-- ReleseAndReturnAgain -->
  <testcase classname="ZZ_Issues_AutomationTestScripts.GoodsdsIssue_agnstMaterialRqst_Issue_Updated2" name="ReleseAndReturn" time="0.0">
    <ignored/>
  </testcase> <!-- ReleseAndReturn -->
  <testcase classname="ZZ_Issues_AutomationTestScripts.GoodsdsIssue_agnstMaterialRqst_Issue_Updated2" name="ReInitiate" time="0.0">
    <ignored/>
  </testcase> <!-- ReInitiate -->
</testsuite> <!-- CreateTest -->
