<?xml version="1.0" encoding="UTF-8"?>
<!-- Generated by org.testng.reporters.JUnitXMLReporter -->
<testsuite ignored="3" hostname="AILT-100416" failures="0" tests="1" name="ReInitiateTest" time="38.516" errors="0" timestamp="2024-08-03T18:08:11 IST">
  <testcase classname="ZZ_Issues_AutomationTestScripts.PurchaseOrder" name="PurchaseOrderReinitiate" time="34.123"/>
  <testcase classname="ZZ_Issues_AutomationTestScripts.PurchaseOrder" name="Purchase_Order_Entry" time="0.0">
    <ignored/>
  </testcase> <!-- Purchase_Order_Entry -->
  <testcase classname="ZZ_Issues_AutomationTestScripts.PurchaseOrder" name="PurchaseOrderRelease" time="0.0">
    <ignored/>
  </testcase> <!-- PurchaseOrderRelease -->
  <testcase classname="ZZ_Issues_AutomationTestScripts.PurchaseOrder" name="PurchaseOrderReturn" time="0.0">
    <ignored/>
  </testcase> <!-- PurchaseOrderReturn -->
</testsuite> <!-- ReInitiateTest -->
