<?xml version="1.0" encoding="UTF-8"?>
<!-- Generated by org.testng.reporters.JUnitXMLReporter -->
<testsuite ignored="3" hostname="AILT-100416" failures="0" tests="1" name="ReleseAndReturnAgainTest" time="25.353" errors="0" timestamp="2024-08-03T18:08:36 IST">
  <testcase classname="ZZ_Issues_AutomationTestScripts.PurchaseOrder" name="PurchaseOrderRelease" time="21.12"/>
  <testcase classname="ZZ_Issues_AutomationTestScripts.PurchaseOrder" name="PurchaseOrderReturn" time="0.0">
    <ignored/>
  </testcase> <!-- PurchaseOrderReturn -->
  <testcase classname="ZZ_Issues_AutomationTestScripts.PurchaseOrder" name="PurchaseOrderReinitiate" time="0.0">
    <ignored/>
  </testcase> <!-- PurchaseOrderReinitiate -->
  <testcase classname="ZZ_Issues_AutomationTestScripts.PurchaseOrder" name="Purchase_Order_Entry" time="0.0">
    <ignored/>
  </testcase> <!-- Purchase_Order_Entry -->
</testsuite> <!-- ReleseAndReturnAgainTest -->
