<?xml version="1.0" encoding="UTF-8"?>
<!-- Generated by org.testng.reporters.JUnitXMLReporter -->
<testsuite ignored="1" hostname="AILT-100416" failures="0" tests="1" name="ReleseAndReturnTest" time="63.459" errors="0" timestamp="2024-08-03T18:16:31 IST">
  <testcase classname="ZZ_Issues_AutomationTestScripts.GoodReciptWithPO01Container" name="goodsReceiptWithPoRelease" time="57.384"/>
  <testcase classname="ZZ_Issues_AutomationTestScripts.GoodReciptWithPO01Container" name="goodsReceiptWithPoCreate" time="0.0">
    <ignored/>
  </testcase> <!-- goodsReceiptWithPoCreate -->
</testsuite> <!-- ReleseAndReturnTest -->
