<?xml version="1.0" encoding="UTF-8"?>
<!-- Generated by org.testng.reporters.JUnitXMLReporter -->
<testsuite ignored="26" hostname="AILT-100416" failures="13" tests="27" name="Test" time="5.544" errors="0" timestamp="2024-08-01T18:15:52 IST">
  <testcase classname="F.utilities.BaseClass" name="@AfterMethod getResult" time="0.005">
    <failure type="org.openqa.selenium.NoSuchWindowException" message="no such window: target window already closed
from unknown error: web view not found
  (Session info: MicrosoftEdge=127.0.2651.74)
Build info: version: &amp;apos;4.9.0&amp;apos;, revision: &amp;apos;d7057100a6&amp;apos;
System info: os.name: &amp;apos;Windows 10&amp;apos;, os.arch: &amp;apos;amd64&amp;apos;, os.version: &amp;apos;10.0&amp;apos;, java.version: &amp;apos;18.0.2.1&amp;apos;
Driver info: org.openqa.selenium.edge.EdgeDriver
Command: [4a2dbb008fcc3f18c69bebf1358876a7, screenshot {}]
Capabilities {acceptInsecureCerts: false, browserName: MicrosoftEdge, browserVersion: 127.0.2651.74, fedcm:accounts: true, ms:edgeOptions: {debuggerAddress: localhost:60656}, msedge: {msedgedriverVersion: 127.0.2651.74 (dbf5b0aa014c..., userDataDir: C:\Users\sharuk.k\AppData\L...}, networkConnectionEnabled: false, pageLoadStrategy: normal, platformName: WINDOWS, proxy: Proxy(), se:cdp: ws://localhost:60656/devtoo..., se:cdpVersion: 127.0.2651.74, setWindowRect: true, strictFileInteractability: false, timeouts: {implicit: 0, pageLoad: 300000, script: 30000}, unhandledPromptBehavior: dismiss and notify, webauthn:extension:credBlob: true, webauthn:extension:largeBlob: true, webauthn:extension:minPinLength: true, webauthn:extension:prf: true, webauthn:virtualAuthenticators: true}
Session ID: 4a2dbb008fcc3f18c69bebf1358876a7">
      <![CDATA[org.openqa.selenium.NoSuchWindowException: no such window: target window already closed
from unknown error: web view not found
  (Session info: MicrosoftEdge=127.0.2651.74)
Build info: version: '4.9.0', revision: 'd7057100a6'
System info: os.name: 'Windows 10', os.arch: 'amd64', os.version: '10.0', java.version: '18.0.2.1'
Driver info: org.openqa.selenium.edge.EdgeDriver
Command: [4a2dbb008fcc3f18c69bebf1358876a7, screenshot {}]
Capabilities {acceptInsecureCerts: false, browserName: MicrosoftEdge, browserVersion: 127.0.2651.74, fedcm:accounts: true, ms:edgeOptions: {debuggerAddress: localhost:60656}, msedge: {msedgedriverVersion: 127.0.2651.74 (dbf5b0aa014c..., userDataDir: C:\Users\sharuk.k\AppData\L...}, networkConnectionEnabled: false, pageLoadStrategy: normal, platformName: WINDOWS, proxy: Proxy(), se:cdp: ws://localhost:60656/devtoo..., se:cdpVersion: 127.0.2651.74, setWindowRect: true, strictFileInteractability: false, timeouts: {implicit: 0, pageLoad: 300000, script: 30000}, unhandledPromptBehavior: dismiss and notify, webauthn:extension:credBlob: true, webauthn:extension:largeBlob: true, webauthn:extension:minPinLength: true, webauthn:extension:prf: true, webauthn:virtualAuthenticators: true}
Session ID: 4a2dbb008fcc3f18c69bebf1358876a7
at org.openqa.selenium.remote.codec.w3c.W3CHttpResponseCodec.createException(W3CHttpResponseCodec.java:200)
at org.openqa.selenium.remote.codec.w3c.W3CHttpResponseCodec.decode(W3CHttpResponseCodec.java:133)
at org.openqa.selenium.remote.codec.w3c.W3CHttpResponseCodec.decode(W3CHttpResponseCodec.java:53)
at org.openqa.selenium.remote.HttpCommandExecutor.execute(HttpCommandExecutor.java:193)
at org.openqa.selenium.remote.service.DriverCommandExecutor.invokeExecute(DriverCommandExecutor.java:183)
at org.openqa.selenium.remote.service.DriverCommandExecutor.execute(DriverCommandExecutor.java:158)
at org.openqa.selenium.remote.RemoteWebDriver.execute(RemoteWebDriver.java:543)
at org.openqa.selenium.remote.RemoteWebDriver.execute(RemoteWebDriver.java:598)
at org.openqa.selenium.remote.RemoteWebDriver.execute(RemoteWebDriver.java:602)
at org.openqa.selenium.remote.RemoteWebDriver.getScreenshotAs(RemoteWebDriver.java:318)
at F.utilities.BaseClass.getScreenshot(BaseClass.java:166)
at F.utilities.BaseClass.getResult(BaseClass.java:142)
at java.base/java.util.ArrayList.forEach(ArrayList.java:1511)
... Removed 33 stack frames]]>
    </failure>
  </testcase> <!-- @AfterMethod getResult -->
  <testcase classname="F.utilities.BaseClass" name="@AfterMethod EndReport" time="0.0">
    <skipped/>
  </testcase> <!-- @AfterMethod EndReport -->
  <testcase classname="F.utilities.BaseClass" name="@AfterMethod getResult" time="0.0">
    <skipped/>
  </testcase> <!-- @AfterMethod getResult -->
  <testcase classname="F.utilities.BaseClass" name="@AfterMethod getResult" time="0.005">
    <failure type="org.openqa.selenium.NoSuchWindowException" message="no such window: target window already closed
from unknown error: web view not found
  (Session info: MicrosoftEdge=127.0.2651.74)
Build info: version: &amp;apos;4.9.0&amp;apos;, revision: &amp;apos;d7057100a6&amp;apos;
System info: os.name: &amp;apos;Windows 10&amp;apos;, os.arch: &amp;apos;amd64&amp;apos;, os.version: &amp;apos;10.0&amp;apos;, java.version: &amp;apos;18.0.2.1&amp;apos;
Driver info: org.openqa.selenium.edge.EdgeDriver
Command: [4a2dbb008fcc3f18c69bebf1358876a7, screenshot {}]
Capabilities {acceptInsecureCerts: false, browserName: MicrosoftEdge, browserVersion: 127.0.2651.74, fedcm:accounts: true, ms:edgeOptions: {debuggerAddress: localhost:60656}, msedge: {msedgedriverVersion: 127.0.2651.74 (dbf5b0aa014c..., userDataDir: C:\Users\sharuk.k\AppData\L...}, networkConnectionEnabled: false, pageLoadStrategy: normal, platformName: WINDOWS, proxy: Proxy(), se:cdp: ws://localhost:60656/devtoo..., se:cdpVersion: 127.0.2651.74, setWindowRect: true, strictFileInteractability: false, timeouts: {implicit: 0, pageLoad: 300000, script: 30000}, unhandledPromptBehavior: dismiss and notify, webauthn:extension:credBlob: true, webauthn:extension:largeBlob: true, webauthn:extension:minPinLength: true, webauthn:extension:prf: true, webauthn:virtualAuthenticators: true}
Session ID: 4a2dbb008fcc3f18c69bebf1358876a7">
      <![CDATA[org.openqa.selenium.NoSuchWindowException: no such window: target window already closed
from unknown error: web view not found
  (Session info: MicrosoftEdge=127.0.2651.74)
Build info: version: '4.9.0', revision: 'd7057100a6'
System info: os.name: 'Windows 10', os.arch: 'amd64', os.version: '10.0', java.version: '18.0.2.1'
Driver info: org.openqa.selenium.edge.EdgeDriver
Command: [4a2dbb008fcc3f18c69bebf1358876a7, screenshot {}]
Capabilities {acceptInsecureCerts: false, browserName: MicrosoftEdge, browserVersion: 127.0.2651.74, fedcm:accounts: true, ms:edgeOptions: {debuggerAddress: localhost:60656}, msedge: {msedgedriverVersion: 127.0.2651.74 (dbf5b0aa014c..., userDataDir: C:\Users\sharuk.k\AppData\L...}, networkConnectionEnabled: false, pageLoadStrategy: normal, platformName: WINDOWS, proxy: Proxy(), se:cdp: ws://localhost:60656/devtoo..., se:cdpVersion: 127.0.2651.74, setWindowRect: true, strictFileInteractability: false, timeouts: {implicit: 0, pageLoad: 300000, script: 30000}, unhandledPromptBehavior: dismiss and notify, webauthn:extension:credBlob: true, webauthn:extension:largeBlob: true, webauthn:extension:minPinLength: true, webauthn:extension:prf: true, webauthn:virtualAuthenticators: true}
Session ID: 4a2dbb008fcc3f18c69bebf1358876a7
at org.openqa.selenium.remote.codec.w3c.W3CHttpResponseCodec.createException(W3CHttpResponseCodec.java:200)
at org.openqa.selenium.remote.codec.w3c.W3CHttpResponseCodec.decode(W3CHttpResponseCodec.java:133)
at org.openqa.selenium.remote.codec.w3c.W3CHttpResponseCodec.decode(W3CHttpResponseCodec.java:53)
at org.openqa.selenium.remote.HttpCommandExecutor.execute(HttpCommandExecutor.java:193)
at org.openqa.selenium.remote.service.DriverCommandExecutor.invokeExecute(DriverCommandExecutor.java:183)
at org.openqa.selenium.remote.service.DriverCommandExecutor.execute(DriverCommandExecutor.java:158)
at org.openqa.selenium.remote.RemoteWebDriver.execute(RemoteWebDriver.java:543)
at org.openqa.selenium.remote.RemoteWebDriver.execute(RemoteWebDriver.java:598)
at org.openqa.selenium.remote.RemoteWebDriver.execute(RemoteWebDriver.java:602)
at org.openqa.selenium.remote.RemoteWebDriver.getScreenshotAs(RemoteWebDriver.java:318)
at F.utilities.BaseClass.getScreenshot(BaseClass.java:166)
at F.utilities.BaseClass.getResult(BaseClass.java:142)
at java.base/java.util.ArrayList.forEach(ArrayList.java:1511)
... Removed 33 stack frames]]>
    </failure>
  </testcase> <!-- @AfterMethod getResult -->
  <testcase classname="F.utilities.BaseClass" name="@AfterMethod getResult" time="0.004">
    <failure type="org.openqa.selenium.NoSuchWindowException" message="no such window: target window already closed
from unknown error: web view not found
  (Session info: MicrosoftEdge=127.0.2651.74)
Build info: version: &amp;apos;4.9.0&amp;apos;, revision: &amp;apos;d7057100a6&amp;apos;
System info: os.name: &amp;apos;Windows 10&amp;apos;, os.arch: &amp;apos;amd64&amp;apos;, os.version: &amp;apos;10.0&amp;apos;, java.version: &amp;apos;18.0.2.1&amp;apos;
Driver info: org.openqa.selenium.edge.EdgeDriver
Command: [4a2dbb008fcc3f18c69bebf1358876a7, screenshot {}]
Capabilities {acceptInsecureCerts: false, browserName: MicrosoftEdge, browserVersion: 127.0.2651.74, fedcm:accounts: true, ms:edgeOptions: {debuggerAddress: localhost:60656}, msedge: {msedgedriverVersion: 127.0.2651.74 (dbf5b0aa014c..., userDataDir: C:\Users\sharuk.k\AppData\L...}, networkConnectionEnabled: false, pageLoadStrategy: normal, platformName: WINDOWS, proxy: Proxy(), se:cdp: ws://localhost:60656/devtoo..., se:cdpVersion: 127.0.2651.74, setWindowRect: true, strictFileInteractability: false, timeouts: {implicit: 0, pageLoad: 300000, script: 30000}, unhandledPromptBehavior: dismiss and notify, webauthn:extension:credBlob: true, webauthn:extension:largeBlob: true, webauthn:extension:minPinLength: true, webauthn:extension:prf: true, webauthn:virtualAuthenticators: true}
Session ID: 4a2dbb008fcc3f18c69bebf1358876a7">
      <![CDATA[org.openqa.selenium.NoSuchWindowException: no such window: target window already closed
from unknown error: web view not found
  (Session info: MicrosoftEdge=127.0.2651.74)
Build info: version: '4.9.0', revision: 'd7057100a6'
System info: os.name: 'Windows 10', os.arch: 'amd64', os.version: '10.0', java.version: '18.0.2.1'
Driver info: org.openqa.selenium.edge.EdgeDriver
Command: [4a2dbb008fcc3f18c69bebf1358876a7, screenshot {}]
Capabilities {acceptInsecureCerts: false, browserName: MicrosoftEdge, browserVersion: 127.0.2651.74, fedcm:accounts: true, ms:edgeOptions: {debuggerAddress: localhost:60656}, msedge: {msedgedriverVersion: 127.0.2651.74 (dbf5b0aa014c..., userDataDir: C:\Users\sharuk.k\AppData\L...}, networkConnectionEnabled: false, pageLoadStrategy: normal, platformName: WINDOWS, proxy: Proxy(), se:cdp: ws://localhost:60656/devtoo..., se:cdpVersion: 127.0.2651.74, setWindowRect: true, strictFileInteractability: false, timeouts: {implicit: 0, pageLoad: 300000, script: 30000}, unhandledPromptBehavior: dismiss and notify, webauthn:extension:credBlob: true, webauthn:extension:largeBlob: true, webauthn:extension:minPinLength: true, webauthn:extension:prf: true, webauthn:virtualAuthenticators: true}
Session ID: 4a2dbb008fcc3f18c69bebf1358876a7
at org.openqa.selenium.remote.codec.w3c.W3CHttpResponseCodec.createException(W3CHttpResponseCodec.java:200)
at org.openqa.selenium.remote.codec.w3c.W3CHttpResponseCodec.decode(W3CHttpResponseCodec.java:133)
at org.openqa.selenium.remote.codec.w3c.W3CHttpResponseCodec.decode(W3CHttpResponseCodec.java:53)
at org.openqa.selenium.remote.HttpCommandExecutor.execute(HttpCommandExecutor.java:193)
at org.openqa.selenium.remote.service.DriverCommandExecutor.invokeExecute(DriverCommandExecutor.java:183)
at org.openqa.selenium.remote.service.DriverCommandExecutor.execute(DriverCommandExecutor.java:158)
at org.openqa.selenium.remote.RemoteWebDriver.execute(RemoteWebDriver.java:543)
at org.openqa.selenium.remote.RemoteWebDriver.execute(RemoteWebDriver.java:598)
at org.openqa.selenium.remote.RemoteWebDriver.execute(RemoteWebDriver.java:602)
at org.openqa.selenium.remote.RemoteWebDriver.getScreenshotAs(RemoteWebDriver.java:318)
at F.utilities.BaseClass.getScreenshot(BaseClass.java:166)
at F.utilities.BaseClass.getResult(BaseClass.java:142)
at java.base/java.util.ArrayList.forEach(ArrayList.java:1511)
... Removed 33 stack frames]]>
    </failure>
  </testcase> <!-- @AfterMethod getResult -->
  <testcase classname="F.utilities.BaseClass" name="@AfterMethod getResult" time="0.003">
    <failure type="org.openqa.selenium.NoSuchWindowException" message="no such window: target window already closed
from unknown error: web view not found
  (Session info: MicrosoftEdge=127.0.2651.74)
Build info: version: &amp;apos;4.9.0&amp;apos;, revision: &amp;apos;d7057100a6&amp;apos;
System info: os.name: &amp;apos;Windows 10&amp;apos;, os.arch: &amp;apos;amd64&amp;apos;, os.version: &amp;apos;10.0&amp;apos;, java.version: &amp;apos;18.0.2.1&amp;apos;
Driver info: org.openqa.selenium.edge.EdgeDriver
Command: [4a2dbb008fcc3f18c69bebf1358876a7, screenshot {}]
Capabilities {acceptInsecureCerts: false, browserName: MicrosoftEdge, browserVersion: 127.0.2651.74, fedcm:accounts: true, ms:edgeOptions: {debuggerAddress: localhost:60656}, msedge: {msedgedriverVersion: 127.0.2651.74 (dbf5b0aa014c..., userDataDir: C:\Users\sharuk.k\AppData\L...}, networkConnectionEnabled: false, pageLoadStrategy: normal, platformName: WINDOWS, proxy: Proxy(), se:cdp: ws://localhost:60656/devtoo..., se:cdpVersion: 127.0.2651.74, setWindowRect: true, strictFileInteractability: false, timeouts: {implicit: 0, pageLoad: 300000, script: 30000}, unhandledPromptBehavior: dismiss and notify, webauthn:extension:credBlob: true, webauthn:extension:largeBlob: true, webauthn:extension:minPinLength: true, webauthn:extension:prf: true, webauthn:virtualAuthenticators: true}
Session ID: 4a2dbb008fcc3f18c69bebf1358876a7">
      <![CDATA[org.openqa.selenium.NoSuchWindowException: no such window: target window already closed
from unknown error: web view not found
  (Session info: MicrosoftEdge=127.0.2651.74)
Build info: version: '4.9.0', revision: 'd7057100a6'
System info: os.name: 'Windows 10', os.arch: 'amd64', os.version: '10.0', java.version: '18.0.2.1'
Driver info: org.openqa.selenium.edge.EdgeDriver
Command: [4a2dbb008fcc3f18c69bebf1358876a7, screenshot {}]
Capabilities {acceptInsecureCerts: false, browserName: MicrosoftEdge, browserVersion: 127.0.2651.74, fedcm:accounts: true, ms:edgeOptions: {debuggerAddress: localhost:60656}, msedge: {msedgedriverVersion: 127.0.2651.74 (dbf5b0aa014c..., userDataDir: C:\Users\sharuk.k\AppData\L...}, networkConnectionEnabled: false, pageLoadStrategy: normal, platformName: WINDOWS, proxy: Proxy(), se:cdp: ws://localhost:60656/devtoo..., se:cdpVersion: 127.0.2651.74, setWindowRect: true, strictFileInteractability: false, timeouts: {implicit: 0, pageLoad: 300000, script: 30000}, unhandledPromptBehavior: dismiss and notify, webauthn:extension:credBlob: true, webauthn:extension:largeBlob: true, webauthn:extension:minPinLength: true, webauthn:extension:prf: true, webauthn:virtualAuthenticators: true}
Session ID: 4a2dbb008fcc3f18c69bebf1358876a7
at org.openqa.selenium.remote.codec.w3c.W3CHttpResponseCodec.createException(W3CHttpResponseCodec.java:200)
at org.openqa.selenium.remote.codec.w3c.W3CHttpResponseCodec.decode(W3CHttpResponseCodec.java:133)
at org.openqa.selenium.remote.codec.w3c.W3CHttpResponseCodec.decode(W3CHttpResponseCodec.java:53)
at org.openqa.selenium.remote.HttpCommandExecutor.execute(HttpCommandExecutor.java:193)
at org.openqa.selenium.remote.service.DriverCommandExecutor.invokeExecute(DriverCommandExecutor.java:183)
at org.openqa.selenium.remote.service.DriverCommandExecutor.execute(DriverCommandExecutor.java:158)
at org.openqa.selenium.remote.RemoteWebDriver.execute(RemoteWebDriver.java:543)
at org.openqa.selenium.remote.RemoteWebDriver.execute(RemoteWebDriver.java:598)
at org.openqa.selenium.remote.RemoteWebDriver.execute(RemoteWebDriver.java:602)
at org.openqa.selenium.remote.RemoteWebDriver.getScreenshotAs(RemoteWebDriver.java:318)
at F.utilities.BaseClass.getScreenshot(BaseClass.java:166)
at F.utilities.BaseClass.getResult(BaseClass.java:142)
at java.base/java.util.ArrayList.forEach(ArrayList.java:1511)
... Removed 33 stack frames]]>
    </failure>
  </testcase> <!-- @AfterMethod getResult -->
  <testcase classname="F.utilities.BaseClass" name="@AfterMethod getResult" time="0.003">
    <failure type="org.openqa.selenium.NoSuchWindowException" message="no such window: target window already closed
from unknown error: web view not found
  (Session info: MicrosoftEdge=127.0.2651.74)
Build info: version: &amp;apos;4.9.0&amp;apos;, revision: &amp;apos;d7057100a6&amp;apos;
System info: os.name: &amp;apos;Windows 10&amp;apos;, os.arch: &amp;apos;amd64&amp;apos;, os.version: &amp;apos;10.0&amp;apos;, java.version: &amp;apos;18.0.2.1&amp;apos;
Driver info: org.openqa.selenium.edge.EdgeDriver
Command: [4a2dbb008fcc3f18c69bebf1358876a7, screenshot {}]
Capabilities {acceptInsecureCerts: false, browserName: MicrosoftEdge, browserVersion: 127.0.2651.74, fedcm:accounts: true, ms:edgeOptions: {debuggerAddress: localhost:60656}, msedge: {msedgedriverVersion: 127.0.2651.74 (dbf5b0aa014c..., userDataDir: C:\Users\sharuk.k\AppData\L...}, networkConnectionEnabled: false, pageLoadStrategy: normal, platformName: WINDOWS, proxy: Proxy(), se:cdp: ws://localhost:60656/devtoo..., se:cdpVersion: 127.0.2651.74, setWindowRect: true, strictFileInteractability: false, timeouts: {implicit: 0, pageLoad: 300000, script: 30000}, unhandledPromptBehavior: dismiss and notify, webauthn:extension:credBlob: true, webauthn:extension:largeBlob: true, webauthn:extension:minPinLength: true, webauthn:extension:prf: true, webauthn:virtualAuthenticators: true}
Session ID: 4a2dbb008fcc3f18c69bebf1358876a7">
      <![CDATA[org.openqa.selenium.NoSuchWindowException: no such window: target window already closed
from unknown error: web view not found
  (Session info: MicrosoftEdge=127.0.2651.74)
Build info: version: '4.9.0', revision: 'd7057100a6'
System info: os.name: 'Windows 10', os.arch: 'amd64', os.version: '10.0', java.version: '18.0.2.1'
Driver info: org.openqa.selenium.edge.EdgeDriver
Command: [4a2dbb008fcc3f18c69bebf1358876a7, screenshot {}]
Capabilities {acceptInsecureCerts: false, browserName: MicrosoftEdge, browserVersion: 127.0.2651.74, fedcm:accounts: true, ms:edgeOptions: {debuggerAddress: localhost:60656}, msedge: {msedgedriverVersion: 127.0.2651.74 (dbf5b0aa014c..., userDataDir: C:\Users\sharuk.k\AppData\L...}, networkConnectionEnabled: false, pageLoadStrategy: normal, platformName: WINDOWS, proxy: Proxy(), se:cdp: ws://localhost:60656/devtoo..., se:cdpVersion: 127.0.2651.74, setWindowRect: true, strictFileInteractability: false, timeouts: {implicit: 0, pageLoad: 300000, script: 30000}, unhandledPromptBehavior: dismiss and notify, webauthn:extension:credBlob: true, webauthn:extension:largeBlob: true, webauthn:extension:minPinLength: true, webauthn:extension:prf: true, webauthn:virtualAuthenticators: true}
Session ID: 4a2dbb008fcc3f18c69bebf1358876a7
at org.openqa.selenium.remote.codec.w3c.W3CHttpResponseCodec.createException(W3CHttpResponseCodec.java:200)
at org.openqa.selenium.remote.codec.w3c.W3CHttpResponseCodec.decode(W3CHttpResponseCodec.java:133)
at org.openqa.selenium.remote.codec.w3c.W3CHttpResponseCodec.decode(W3CHttpResponseCodec.java:53)
at org.openqa.selenium.remote.HttpCommandExecutor.execute(HttpCommandExecutor.java:193)
at org.openqa.selenium.remote.service.DriverCommandExecutor.invokeExecute(DriverCommandExecutor.java:183)
at org.openqa.selenium.remote.service.DriverCommandExecutor.execute(DriverCommandExecutor.java:158)
at org.openqa.selenium.remote.RemoteWebDriver.execute(RemoteWebDriver.java:543)
at org.openqa.selenium.remote.RemoteWebDriver.execute(RemoteWebDriver.java:598)
at org.openqa.selenium.remote.RemoteWebDriver.execute(RemoteWebDriver.java:602)
at org.openqa.selenium.remote.RemoteWebDriver.getScreenshotAs(RemoteWebDriver.java:318)
at F.utilities.BaseClass.getScreenshot1(BaseClass.java:175)
at F.utilities.BaseClass.getResult(BaseClass.java:151)
at java.base/java.util.ArrayList.forEach(ArrayList.java:1511)
... Removed 33 stack frames]]>
    </failure>
  </testcase> <!-- @AfterMethod getResult -->
  <testcase classname="F.utilities.BaseClass" name="@AfterMethod EndReport" time="0.0">
    <skipped/>
  </testcase> <!-- @AfterMethod EndReport -->
  <testcase classname="F.utilities.BaseClass" name="@AfterMethod getResult" time="0.0">
    <skipped/>
  </testcase> <!-- @AfterMethod getResult -->
  <testcase classname="F.utilities.BaseClass" name="@AfterMethod EndReport" time="0.0">
    <skipped/>
  </testcase> <!-- @AfterMethod EndReport -->
  <testcase classname="F.utilities.BaseClass" name="@AfterMethod getResult" time="0.0">
    <skipped/>
  </testcase> <!-- @AfterMethod getResult -->
  <testcase classname="F.utilities.BaseClass" name="@AfterMethod EndReport" time="0.0">
    <skipped/>
  </testcase> <!-- @AfterMethod EndReport -->
  <testcase classname="F.utilities.BaseClass" name="@AfterMethod getResult" time="0.0">
    <skipped/>
  </testcase> <!-- @AfterMethod getResult -->
  <testcase classname="F.utilities.BaseClass" name="@AfterMethod getResult" time="0.003">
    <failure type="org.openqa.selenium.NoSuchWindowException" message="no such window: target window already closed
from unknown error: web view not found
  (Session info: MicrosoftEdge=127.0.2651.74)
Build info: version: &amp;apos;4.9.0&amp;apos;, revision: &amp;apos;d7057100a6&amp;apos;
System info: os.name: &amp;apos;Windows 10&amp;apos;, os.arch: &amp;apos;amd64&amp;apos;, os.version: &amp;apos;10.0&amp;apos;, java.version: &amp;apos;18.0.2.1&amp;apos;
Driver info: org.openqa.selenium.edge.EdgeDriver
Command: [4a2dbb008fcc3f18c69bebf1358876a7, screenshot {}]
Capabilities {acceptInsecureCerts: false, browserName: MicrosoftEdge, browserVersion: 127.0.2651.74, fedcm:accounts: true, ms:edgeOptions: {debuggerAddress: localhost:60656}, msedge: {msedgedriverVersion: 127.0.2651.74 (dbf5b0aa014c..., userDataDir: C:\Users\sharuk.k\AppData\L...}, networkConnectionEnabled: false, pageLoadStrategy: normal, platformName: WINDOWS, proxy: Proxy(), se:cdp: ws://localhost:60656/devtoo..., se:cdpVersion: 127.0.2651.74, setWindowRect: true, strictFileInteractability: false, timeouts: {implicit: 0, pageLoad: 300000, script: 30000}, unhandledPromptBehavior: dismiss and notify, webauthn:extension:credBlob: true, webauthn:extension:largeBlob: true, webauthn:extension:minPinLength: true, webauthn:extension:prf: true, webauthn:virtualAuthenticators: true}
Session ID: 4a2dbb008fcc3f18c69bebf1358876a7">
      <![CDATA[org.openqa.selenium.NoSuchWindowException: no such window: target window already closed
from unknown error: web view not found
  (Session info: MicrosoftEdge=127.0.2651.74)
Build info: version: '4.9.0', revision: 'd7057100a6'
System info: os.name: 'Windows 10', os.arch: 'amd64', os.version: '10.0', java.version: '18.0.2.1'
Driver info: org.openqa.selenium.edge.EdgeDriver
Command: [4a2dbb008fcc3f18c69bebf1358876a7, screenshot {}]
Capabilities {acceptInsecureCerts: false, browserName: MicrosoftEdge, browserVersion: 127.0.2651.74, fedcm:accounts: true, ms:edgeOptions: {debuggerAddress: localhost:60656}, msedge: {msedgedriverVersion: 127.0.2651.74 (dbf5b0aa014c..., userDataDir: C:\Users\sharuk.k\AppData\L...}, networkConnectionEnabled: false, pageLoadStrategy: normal, platformName: WINDOWS, proxy: Proxy(), se:cdp: ws://localhost:60656/devtoo..., se:cdpVersion: 127.0.2651.74, setWindowRect: true, strictFileInteractability: false, timeouts: {implicit: 0, pageLoad: 300000, script: 30000}, unhandledPromptBehavior: dismiss and notify, webauthn:extension:credBlob: true, webauthn:extension:largeBlob: true, webauthn:extension:minPinLength: true, webauthn:extension:prf: true, webauthn:virtualAuthenticators: true}
Session ID: 4a2dbb008fcc3f18c69bebf1358876a7
at org.openqa.selenium.remote.codec.w3c.W3CHttpResponseCodec.createException(W3CHttpResponseCodec.java:200)
at org.openqa.selenium.remote.codec.w3c.W3CHttpResponseCodec.decode(W3CHttpResponseCodec.java:133)
at org.openqa.selenium.remote.codec.w3c.W3CHttpResponseCodec.decode(W3CHttpResponseCodec.java:53)
at org.openqa.selenium.remote.HttpCommandExecutor.execute(HttpCommandExecutor.java:193)
at org.openqa.selenium.remote.service.DriverCommandExecutor.invokeExecute(DriverCommandExecutor.java:183)
at org.openqa.selenium.remote.service.DriverCommandExecutor.execute(DriverCommandExecutor.java:158)
at org.openqa.selenium.remote.RemoteWebDriver.execute(RemoteWebDriver.java:543)
at org.openqa.selenium.remote.RemoteWebDriver.execute(RemoteWebDriver.java:598)
at org.openqa.selenium.remote.RemoteWebDriver.execute(RemoteWebDriver.java:602)
at org.openqa.selenium.remote.RemoteWebDriver.getScreenshotAs(RemoteWebDriver.java:318)
at F.utilities.BaseClass.getScreenshot(BaseClass.java:166)
at F.utilities.BaseClass.getResult(BaseClass.java:142)
at java.base/java.util.ArrayList.forEach(ArrayList.java:1511)
... Removed 33 stack frames]]>
    </failure>
  </testcase> <!-- @AfterMethod getResult -->
  <testcase classname="F.utilities.BaseClass" name="@AfterMethod getResult" time="0.003">
    <failure type="org.openqa.selenium.NoSuchWindowException" message="no such window: target window already closed
from unknown error: web view not found
  (Session info: MicrosoftEdge=127.0.2651.74)
Build info: version: &amp;apos;4.9.0&amp;apos;, revision: &amp;apos;d7057100a6&amp;apos;
System info: os.name: &amp;apos;Windows 10&amp;apos;, os.arch: &amp;apos;amd64&amp;apos;, os.version: &amp;apos;10.0&amp;apos;, java.version: &amp;apos;18.0.2.1&amp;apos;
Driver info: org.openqa.selenium.edge.EdgeDriver
Command: [4a2dbb008fcc3f18c69bebf1358876a7, screenshot {}]
Capabilities {acceptInsecureCerts: false, browserName: MicrosoftEdge, browserVersion: 127.0.2651.74, fedcm:accounts: true, ms:edgeOptions: {debuggerAddress: localhost:60656}, msedge: {msedgedriverVersion: 127.0.2651.74 (dbf5b0aa014c..., userDataDir: C:\Users\sharuk.k\AppData\L...}, networkConnectionEnabled: false, pageLoadStrategy: normal, platformName: WINDOWS, proxy: Proxy(), se:cdp: ws://localhost:60656/devtoo..., se:cdpVersion: 127.0.2651.74, setWindowRect: true, strictFileInteractability: false, timeouts: {implicit: 0, pageLoad: 300000, script: 30000}, unhandledPromptBehavior: dismiss and notify, webauthn:extension:credBlob: true, webauthn:extension:largeBlob: true, webauthn:extension:minPinLength: true, webauthn:extension:prf: true, webauthn:virtualAuthenticators: true}
Session ID: 4a2dbb008fcc3f18c69bebf1358876a7">
      <![CDATA[org.openqa.selenium.NoSuchWindowException: no such window: target window already closed
from unknown error: web view not found
  (Session info: MicrosoftEdge=127.0.2651.74)
Build info: version: '4.9.0', revision: 'd7057100a6'
System info: os.name: 'Windows 10', os.arch: 'amd64', os.version: '10.0', java.version: '18.0.2.1'
Driver info: org.openqa.selenium.edge.EdgeDriver
Command: [4a2dbb008fcc3f18c69bebf1358876a7, screenshot {}]
Capabilities {acceptInsecureCerts: false, browserName: MicrosoftEdge, browserVersion: 127.0.2651.74, fedcm:accounts: true, ms:edgeOptions: {debuggerAddress: localhost:60656}, msedge: {msedgedriverVersion: 127.0.2651.74 (dbf5b0aa014c..., userDataDir: C:\Users\sharuk.k\AppData\L...}, networkConnectionEnabled: false, pageLoadStrategy: normal, platformName: WINDOWS, proxy: Proxy(), se:cdp: ws://localhost:60656/devtoo..., se:cdpVersion: 127.0.2651.74, setWindowRect: true, strictFileInteractability: false, timeouts: {implicit: 0, pageLoad: 300000, script: 30000}, unhandledPromptBehavior: dismiss and notify, webauthn:extension:credBlob: true, webauthn:extension:largeBlob: true, webauthn:extension:minPinLength: true, webauthn:extension:prf: true, webauthn:virtualAuthenticators: true}
Session ID: 4a2dbb008fcc3f18c69bebf1358876a7
at org.openqa.selenium.remote.codec.w3c.W3CHttpResponseCodec.createException(W3CHttpResponseCodec.java:200)
at org.openqa.selenium.remote.codec.w3c.W3CHttpResponseCodec.decode(W3CHttpResponseCodec.java:133)
at org.openqa.selenium.remote.codec.w3c.W3CHttpResponseCodec.decode(W3CHttpResponseCodec.java:53)
at org.openqa.selenium.remote.HttpCommandExecutor.execute(HttpCommandExecutor.java:193)
at org.openqa.selenium.remote.service.DriverCommandExecutor.invokeExecute(DriverCommandExecutor.java:183)
at org.openqa.selenium.remote.service.DriverCommandExecutor.execute(DriverCommandExecutor.java:158)
at org.openqa.selenium.remote.RemoteWebDriver.execute(RemoteWebDriver.java:543)
at org.openqa.selenium.remote.RemoteWebDriver.execute(RemoteWebDriver.java:598)
at org.openqa.selenium.remote.RemoteWebDriver.execute(RemoteWebDriver.java:602)
at org.openqa.selenium.remote.RemoteWebDriver.getScreenshotAs(RemoteWebDriver.java:318)
at F.utilities.BaseClass.getScreenshot(BaseClass.java:166)
at F.utilities.BaseClass.getResult(BaseClass.java:142)
at java.base/java.util.ArrayList.forEach(ArrayList.java:1511)
... Removed 33 stack frames]]>
    </failure>
  </testcase> <!-- @AfterMethod getResult -->
  <testcase classname="F.utilities.BaseClass" name="@AfterMethod getResult" time="0.003">
    <failure type="org.openqa.selenium.NoSuchWindowException" message="no such window: target window already closed
from unknown error: web view not found
  (Session info: MicrosoftEdge=127.0.2651.74)
Build info: version: &amp;apos;4.9.0&amp;apos;, revision: &amp;apos;d7057100a6&amp;apos;
System info: os.name: &amp;apos;Windows 10&amp;apos;, os.arch: &amp;apos;amd64&amp;apos;, os.version: &amp;apos;10.0&amp;apos;, java.version: &amp;apos;18.0.2.1&amp;apos;
Driver info: org.openqa.selenium.edge.EdgeDriver
Command: [4a2dbb008fcc3f18c69bebf1358876a7, screenshot {}]
Capabilities {acceptInsecureCerts: false, browserName: MicrosoftEdge, browserVersion: 127.0.2651.74, fedcm:accounts: true, ms:edgeOptions: {debuggerAddress: localhost:60656}, msedge: {msedgedriverVersion: 127.0.2651.74 (dbf5b0aa014c..., userDataDir: C:\Users\sharuk.k\AppData\L...}, networkConnectionEnabled: false, pageLoadStrategy: normal, platformName: WINDOWS, proxy: Proxy(), se:cdp: ws://localhost:60656/devtoo..., se:cdpVersion: 127.0.2651.74, setWindowRect: true, strictFileInteractability: false, timeouts: {implicit: 0, pageLoad: 300000, script: 30000}, unhandledPromptBehavior: dismiss and notify, webauthn:extension:credBlob: true, webauthn:extension:largeBlob: true, webauthn:extension:minPinLength: true, webauthn:extension:prf: true, webauthn:virtualAuthenticators: true}
Session ID: 4a2dbb008fcc3f18c69bebf1358876a7">
      <![CDATA[org.openqa.selenium.NoSuchWindowException: no such window: target window already closed
from unknown error: web view not found
  (Session info: MicrosoftEdge=127.0.2651.74)
Build info: version: '4.9.0', revision: 'd7057100a6'
System info: os.name: 'Windows 10', os.arch: 'amd64', os.version: '10.0', java.version: '18.0.2.1'
Driver info: org.openqa.selenium.edge.EdgeDriver
Command: [4a2dbb008fcc3f18c69bebf1358876a7, screenshot {}]
Capabilities {acceptInsecureCerts: false, browserName: MicrosoftEdge, browserVersion: 127.0.2651.74, fedcm:accounts: true, ms:edgeOptions: {debuggerAddress: localhost:60656}, msedge: {msedgedriverVersion: 127.0.2651.74 (dbf5b0aa014c..., userDataDir: C:\Users\sharuk.k\AppData\L...}, networkConnectionEnabled: false, pageLoadStrategy: normal, platformName: WINDOWS, proxy: Proxy(), se:cdp: ws://localhost:60656/devtoo..., se:cdpVersion: 127.0.2651.74, setWindowRect: true, strictFileInteractability: false, timeouts: {implicit: 0, pageLoad: 300000, script: 30000}, unhandledPromptBehavior: dismiss and notify, webauthn:extension:credBlob: true, webauthn:extension:largeBlob: true, webauthn:extension:minPinLength: true, webauthn:extension:prf: true, webauthn:virtualAuthenticators: true}
Session ID: 4a2dbb008fcc3f18c69bebf1358876a7
at org.openqa.selenium.remote.codec.w3c.W3CHttpResponseCodec.createException(W3CHttpResponseCodec.java:200)
at org.openqa.selenium.remote.codec.w3c.W3CHttpResponseCodec.decode(W3CHttpResponseCodec.java:133)
at org.openqa.selenium.remote.codec.w3c.W3CHttpResponseCodec.decode(W3CHttpResponseCodec.java:53)
at org.openqa.selenium.remote.HttpCommandExecutor.execute(HttpCommandExecutor.java:193)
at org.openqa.selenium.remote.service.DriverCommandExecutor.invokeExecute(DriverCommandExecutor.java:183)
at org.openqa.selenium.remote.service.DriverCommandExecutor.execute(DriverCommandExecutor.java:158)
at org.openqa.selenium.remote.RemoteWebDriver.execute(RemoteWebDriver.java:543)
at org.openqa.selenium.remote.RemoteWebDriver.execute(RemoteWebDriver.java:598)
at org.openqa.selenium.remote.RemoteWebDriver.execute(RemoteWebDriver.java:602)
at org.openqa.selenium.remote.RemoteWebDriver.getScreenshotAs(RemoteWebDriver.java:318)
at F.utilities.BaseClass.getScreenshot(BaseClass.java:166)
at F.utilities.BaseClass.getResult(BaseClass.java:142)
at java.base/java.util.ArrayList.forEach(ArrayList.java:1511)
... Removed 33 stack frames]]>
    </failure>
  </testcase> <!-- @AfterMethod getResult -->
  <testcase classname="F.utilities.BaseClass" name="@AfterMethod EndReport" time="0.0">
    <skipped/>
  </testcase> <!-- @AfterMethod EndReport -->
  <testcase classname="F.utilities.BaseClass" name="@AfterMethod getResult" time="0.0">
    <skipped/>
  </testcase> <!-- @AfterMethod getResult -->
  <testcase classname="F.utilities.BaseClass" name="@AfterMethod getResult" time="0.003">
    <failure type="org.openqa.selenium.NoSuchWindowException" message="no such window: target window already closed
from unknown error: web view not found
  (Session info: MicrosoftEdge=127.0.2651.74)
Build info: version: &amp;apos;4.9.0&amp;apos;, revision: &amp;apos;d7057100a6&amp;apos;
System info: os.name: &amp;apos;Windows 10&amp;apos;, os.arch: &amp;apos;amd64&amp;apos;, os.version: &amp;apos;10.0&amp;apos;, java.version: &amp;apos;18.0.2.1&amp;apos;
Driver info: org.openqa.selenium.edge.EdgeDriver
Command: [4a2dbb008fcc3f18c69bebf1358876a7, screenshot {}]
Capabilities {acceptInsecureCerts: false, browserName: MicrosoftEdge, browserVersion: 127.0.2651.74, fedcm:accounts: true, ms:edgeOptions: {debuggerAddress: localhost:60656}, msedge: {msedgedriverVersion: 127.0.2651.74 (dbf5b0aa014c..., userDataDir: C:\Users\sharuk.k\AppData\L...}, networkConnectionEnabled: false, pageLoadStrategy: normal, platformName: WINDOWS, proxy: Proxy(), se:cdp: ws://localhost:60656/devtoo..., se:cdpVersion: 127.0.2651.74, setWindowRect: true, strictFileInteractability: false, timeouts: {implicit: 0, pageLoad: 300000, script: 30000}, unhandledPromptBehavior: dismiss and notify, webauthn:extension:credBlob: true, webauthn:extension:largeBlob: true, webauthn:extension:minPinLength: true, webauthn:extension:prf: true, webauthn:virtualAuthenticators: true}
Session ID: 4a2dbb008fcc3f18c69bebf1358876a7">
      <![CDATA[org.openqa.selenium.NoSuchWindowException: no such window: target window already closed
from unknown error: web view not found
  (Session info: MicrosoftEdge=127.0.2651.74)
Build info: version: '4.9.0', revision: 'd7057100a6'
System info: os.name: 'Windows 10', os.arch: 'amd64', os.version: '10.0', java.version: '18.0.2.1'
Driver info: org.openqa.selenium.edge.EdgeDriver
Command: [4a2dbb008fcc3f18c69bebf1358876a7, screenshot {}]
Capabilities {acceptInsecureCerts: false, browserName: MicrosoftEdge, browserVersion: 127.0.2651.74, fedcm:accounts: true, ms:edgeOptions: {debuggerAddress: localhost:60656}, msedge: {msedgedriverVersion: 127.0.2651.74 (dbf5b0aa014c..., userDataDir: C:\Users\sharuk.k\AppData\L...}, networkConnectionEnabled: false, pageLoadStrategy: normal, platformName: WINDOWS, proxy: Proxy(), se:cdp: ws://localhost:60656/devtoo..., se:cdpVersion: 127.0.2651.74, setWindowRect: true, strictFileInteractability: false, timeouts: {implicit: 0, pageLoad: 300000, script: 30000}, unhandledPromptBehavior: dismiss and notify, webauthn:extension:credBlob: true, webauthn:extension:largeBlob: true, webauthn:extension:minPinLength: true, webauthn:extension:prf: true, webauthn:virtualAuthenticators: true}
Session ID: 4a2dbb008fcc3f18c69bebf1358876a7
at org.openqa.selenium.remote.codec.w3c.W3CHttpResponseCodec.createException(W3CHttpResponseCodec.java:200)
at org.openqa.selenium.remote.codec.w3c.W3CHttpResponseCodec.decode(W3CHttpResponseCodec.java:133)
at org.openqa.selenium.remote.codec.w3c.W3CHttpResponseCodec.decode(W3CHttpResponseCodec.java:53)
at org.openqa.selenium.remote.HttpCommandExecutor.execute(HttpCommandExecutor.java:193)
at org.openqa.selenium.remote.service.DriverCommandExecutor.invokeExecute(DriverCommandExecutor.java:183)
at org.openqa.selenium.remote.service.DriverCommandExecutor.execute(DriverCommandExecutor.java:158)
at org.openqa.selenium.remote.RemoteWebDriver.execute(RemoteWebDriver.java:543)
at org.openqa.selenium.remote.RemoteWebDriver.execute(RemoteWebDriver.java:598)
at org.openqa.selenium.remote.RemoteWebDriver.execute(RemoteWebDriver.java:602)
at org.openqa.selenium.remote.RemoteWebDriver.getScreenshotAs(RemoteWebDriver.java:318)
at F.utilities.BaseClass.getScreenshot1(BaseClass.java:175)
at F.utilities.BaseClass.getResult(BaseClass.java:151)
at java.base/java.util.ArrayList.forEach(ArrayList.java:1511)
... Removed 33 stack frames]]>
    </failure>
  </testcase> <!-- @AfterMethod getResult -->
  <testcase classname="F.utilities.BaseClass" name="@AfterMethod getResult" time="0.004">
    <failure type="org.openqa.selenium.NoSuchWindowException" message="no such window: target window already closed
from unknown error: web view not found
  (Session info: MicrosoftEdge=127.0.2651.74)
Build info: version: &amp;apos;4.9.0&amp;apos;, revision: &amp;apos;d7057100a6&amp;apos;
System info: os.name: &amp;apos;Windows 10&amp;apos;, os.arch: &amp;apos;amd64&amp;apos;, os.version: &amp;apos;10.0&amp;apos;, java.version: &amp;apos;18.0.2.1&amp;apos;
Driver info: org.openqa.selenium.edge.EdgeDriver
Command: [4a2dbb008fcc3f18c69bebf1358876a7, screenshot {}]
Capabilities {acceptInsecureCerts: false, browserName: MicrosoftEdge, browserVersion: 127.0.2651.74, fedcm:accounts: true, ms:edgeOptions: {debuggerAddress: localhost:60656}, msedge: {msedgedriverVersion: 127.0.2651.74 (dbf5b0aa014c..., userDataDir: C:\Users\sharuk.k\AppData\L...}, networkConnectionEnabled: false, pageLoadStrategy: normal, platformName: WINDOWS, proxy: Proxy(), se:cdp: ws://localhost:60656/devtoo..., se:cdpVersion: 127.0.2651.74, setWindowRect: true, strictFileInteractability: false, timeouts: {implicit: 0, pageLoad: 300000, script: 30000}, unhandledPromptBehavior: dismiss and notify, webauthn:extension:credBlob: true, webauthn:extension:largeBlob: true, webauthn:extension:minPinLength: true, webauthn:extension:prf: true, webauthn:virtualAuthenticators: true}
Session ID: 4a2dbb008fcc3f18c69bebf1358876a7">
      <![CDATA[org.openqa.selenium.NoSuchWindowException: no such window: target window already closed
from unknown error: web view not found
  (Session info: MicrosoftEdge=127.0.2651.74)
Build info: version: '4.9.0', revision: 'd7057100a6'
System info: os.name: 'Windows 10', os.arch: 'amd64', os.version: '10.0', java.version: '18.0.2.1'
Driver info: org.openqa.selenium.edge.EdgeDriver
Command: [4a2dbb008fcc3f18c69bebf1358876a7, screenshot {}]
Capabilities {acceptInsecureCerts: false, browserName: MicrosoftEdge, browserVersion: 127.0.2651.74, fedcm:accounts: true, ms:edgeOptions: {debuggerAddress: localhost:60656}, msedge: {msedgedriverVersion: 127.0.2651.74 (dbf5b0aa014c..., userDataDir: C:\Users\sharuk.k\AppData\L...}, networkConnectionEnabled: false, pageLoadStrategy: normal, platformName: WINDOWS, proxy: Proxy(), se:cdp: ws://localhost:60656/devtoo..., se:cdpVersion: 127.0.2651.74, setWindowRect: true, strictFileInteractability: false, timeouts: {implicit: 0, pageLoad: 300000, script: 30000}, unhandledPromptBehavior: dismiss and notify, webauthn:extension:credBlob: true, webauthn:extension:largeBlob: true, webauthn:extension:minPinLength: true, webauthn:extension:prf: true, webauthn:virtualAuthenticators: true}
Session ID: 4a2dbb008fcc3f18c69bebf1358876a7
at org.openqa.selenium.remote.codec.w3c.W3CHttpResponseCodec.createException(W3CHttpResponseCodec.java:200)
at org.openqa.selenium.remote.codec.w3c.W3CHttpResponseCodec.decode(W3CHttpResponseCodec.java:133)
at org.openqa.selenium.remote.codec.w3c.W3CHttpResponseCodec.decode(W3CHttpResponseCodec.java:53)
at org.openqa.selenium.remote.HttpCommandExecutor.execute(HttpCommandExecutor.java:193)
at org.openqa.selenium.remote.service.DriverCommandExecutor.invokeExecute(DriverCommandExecutor.java:183)
at org.openqa.selenium.remote.service.DriverCommandExecutor.execute(DriverCommandExecutor.java:158)
at org.openqa.selenium.remote.RemoteWebDriver.execute(RemoteWebDriver.java:543)
at org.openqa.selenium.remote.RemoteWebDriver.execute(RemoteWebDriver.java:598)
at org.openqa.selenium.remote.RemoteWebDriver.execute(RemoteWebDriver.java:602)
at org.openqa.selenium.remote.RemoteWebDriver.getScreenshotAs(RemoteWebDriver.java:318)
at F.utilities.BaseClass.getScreenshot(BaseClass.java:166)
at F.utilities.BaseClass.getResult(BaseClass.java:142)
at java.base/java.util.ArrayList.forEach(ArrayList.java:1511)
... Removed 33 stack frames]]>
    </failure>
  </testcase> <!-- @AfterMethod getResult -->
  <testcase classname="F.utilities.BaseClass" name="@AfterMethod EndReport" time="0.0">
    <skipped/>
  </testcase> <!-- @AfterMethod EndReport -->
  <testcase classname="F.utilities.BaseClass" name="@AfterMethod getResult" time="0.0">
    <skipped/>
  </testcase> <!-- @AfterMethod getResult -->
  <testcase classname="F.utilities.BaseClass" name="@AfterMethod getResult" time="0.003">
    <failure type="org.openqa.selenium.NoSuchWindowException" message="no such window: target window already closed
from unknown error: web view not found
  (Session info: MicrosoftEdge=127.0.2651.74)
Build info: version: &amp;apos;4.9.0&amp;apos;, revision: &amp;apos;d7057100a6&amp;apos;
System info: os.name: &amp;apos;Windows 10&amp;apos;, os.arch: &amp;apos;amd64&amp;apos;, os.version: &amp;apos;10.0&amp;apos;, java.version: &amp;apos;18.0.2.1&amp;apos;
Driver info: org.openqa.selenium.edge.EdgeDriver
Command: [4a2dbb008fcc3f18c69bebf1358876a7, screenshot {}]
Capabilities {acceptInsecureCerts: false, browserName: MicrosoftEdge, browserVersion: 127.0.2651.74, fedcm:accounts: true, ms:edgeOptions: {debuggerAddress: localhost:60656}, msedge: {msedgedriverVersion: 127.0.2651.74 (dbf5b0aa014c..., userDataDir: C:\Users\sharuk.k\AppData\L...}, networkConnectionEnabled: false, pageLoadStrategy: normal, platformName: WINDOWS, proxy: Proxy(), se:cdp: ws://localhost:60656/devtoo..., se:cdpVersion: 127.0.2651.74, setWindowRect: true, strictFileInteractability: false, timeouts: {implicit: 0, pageLoad: 300000, script: 30000}, unhandledPromptBehavior: dismiss and notify, webauthn:extension:credBlob: true, webauthn:extension:largeBlob: true, webauthn:extension:minPinLength: true, webauthn:extension:prf: true, webauthn:virtualAuthenticators: true}
Session ID: 4a2dbb008fcc3f18c69bebf1358876a7">
      <![CDATA[org.openqa.selenium.NoSuchWindowException: no such window: target window already closed
from unknown error: web view not found
  (Session info: MicrosoftEdge=127.0.2651.74)
Build info: version: '4.9.0', revision: 'd7057100a6'
System info: os.name: 'Windows 10', os.arch: 'amd64', os.version: '10.0', java.version: '18.0.2.1'
Driver info: org.openqa.selenium.edge.EdgeDriver
Command: [4a2dbb008fcc3f18c69bebf1358876a7, screenshot {}]
Capabilities {acceptInsecureCerts: false, browserName: MicrosoftEdge, browserVersion: 127.0.2651.74, fedcm:accounts: true, ms:edgeOptions: {debuggerAddress: localhost:60656}, msedge: {msedgedriverVersion: 127.0.2651.74 (dbf5b0aa014c..., userDataDir: C:\Users\sharuk.k\AppData\L...}, networkConnectionEnabled: false, pageLoadStrategy: normal, platformName: WINDOWS, proxy: Proxy(), se:cdp: ws://localhost:60656/devtoo..., se:cdpVersion: 127.0.2651.74, setWindowRect: true, strictFileInteractability: false, timeouts: {implicit: 0, pageLoad: 300000, script: 30000}, unhandledPromptBehavior: dismiss and notify, webauthn:extension:credBlob: true, webauthn:extension:largeBlob: true, webauthn:extension:minPinLength: true, webauthn:extension:prf: true, webauthn:virtualAuthenticators: true}
Session ID: 4a2dbb008fcc3f18c69bebf1358876a7
at org.openqa.selenium.remote.codec.w3c.W3CHttpResponseCodec.createException(W3CHttpResponseCodec.java:200)
at org.openqa.selenium.remote.codec.w3c.W3CHttpResponseCodec.decode(W3CHttpResponseCodec.java:133)
at org.openqa.selenium.remote.codec.w3c.W3CHttpResponseCodec.decode(W3CHttpResponseCodec.java:53)
at org.openqa.selenium.remote.HttpCommandExecutor.execute(HttpCommandExecutor.java:193)
at org.openqa.selenium.remote.service.DriverCommandExecutor.invokeExecute(DriverCommandExecutor.java:183)
at org.openqa.selenium.remote.service.DriverCommandExecutor.execute(DriverCommandExecutor.java:158)
at org.openqa.selenium.remote.RemoteWebDriver.execute(RemoteWebDriver.java:543)
at org.openqa.selenium.remote.RemoteWebDriver.execute(RemoteWebDriver.java:598)
at org.openqa.selenium.remote.RemoteWebDriver.execute(RemoteWebDriver.java:602)
at org.openqa.selenium.remote.RemoteWebDriver.getScreenshotAs(RemoteWebDriver.java:318)
at F.utilities.BaseClass.getScreenshot(BaseClass.java:166)
at F.utilities.BaseClass.getResult(BaseClass.java:142)
at java.base/java.util.ArrayList.forEach(ArrayList.java:1511)
... Removed 33 stack frames]]>
    </failure>
  </testcase> <!-- @AfterMethod getResult -->
  <testcase classname="F.utilities.BaseClass" name="@AfterMethod EndReport" time="0.0">
    <skipped/>
  </testcase> <!-- @AfterMethod EndReport -->
  <testcase classname="F.utilities.BaseClass" name="@AfterMethod getResult" time="0.0">
    <skipped/>
  </testcase> <!-- @AfterMethod getResult -->
  <testcase classname="F.utilities.BaseClass" name="@AfterMethod getResult" time="0.004">
    <failure type="org.openqa.selenium.NoSuchWindowException" message="no such window: target window already closed
from unknown error: web view not found
  (Session info: MicrosoftEdge=127.0.2651.74)
Build info: version: &amp;apos;4.9.0&amp;apos;, revision: &amp;apos;d7057100a6&amp;apos;
System info: os.name: &amp;apos;Windows 10&amp;apos;, os.arch: &amp;apos;amd64&amp;apos;, os.version: &amp;apos;10.0&amp;apos;, java.version: &amp;apos;18.0.2.1&amp;apos;
Driver info: org.openqa.selenium.edge.EdgeDriver
Command: [4a2dbb008fcc3f18c69bebf1358876a7, screenshot {}]
Capabilities {acceptInsecureCerts: false, browserName: MicrosoftEdge, browserVersion: 127.0.2651.74, fedcm:accounts: true, ms:edgeOptions: {debuggerAddress: localhost:60656}, msedge: {msedgedriverVersion: 127.0.2651.74 (dbf5b0aa014c..., userDataDir: C:\Users\sharuk.k\AppData\L...}, networkConnectionEnabled: false, pageLoadStrategy: normal, platformName: WINDOWS, proxy: Proxy(), se:cdp: ws://localhost:60656/devtoo..., se:cdpVersion: 127.0.2651.74, setWindowRect: true, strictFileInteractability: false, timeouts: {implicit: 0, pageLoad: 300000, script: 30000}, unhandledPromptBehavior: dismiss and notify, webauthn:extension:credBlob: true, webauthn:extension:largeBlob: true, webauthn:extension:minPinLength: true, webauthn:extension:prf: true, webauthn:virtualAuthenticators: true}
Session ID: 4a2dbb008fcc3f18c69bebf1358876a7">
      <![CDATA[org.openqa.selenium.NoSuchWindowException: no such window: target window already closed
from unknown error: web view not found
  (Session info: MicrosoftEdge=127.0.2651.74)
Build info: version: '4.9.0', revision: 'd7057100a6'
System info: os.name: 'Windows 10', os.arch: 'amd64', os.version: '10.0', java.version: '18.0.2.1'
Driver info: org.openqa.selenium.edge.EdgeDriver
Command: [4a2dbb008fcc3f18c69bebf1358876a7, screenshot {}]
Capabilities {acceptInsecureCerts: false, browserName: MicrosoftEdge, browserVersion: 127.0.2651.74, fedcm:accounts: true, ms:edgeOptions: {debuggerAddress: localhost:60656}, msedge: {msedgedriverVersion: 127.0.2651.74 (dbf5b0aa014c..., userDataDir: C:\Users\sharuk.k\AppData\L...}, networkConnectionEnabled: false, pageLoadStrategy: normal, platformName: WINDOWS, proxy: Proxy(), se:cdp: ws://localhost:60656/devtoo..., se:cdpVersion: 127.0.2651.74, setWindowRect: true, strictFileInteractability: false, timeouts: {implicit: 0, pageLoad: 300000, script: 30000}, unhandledPromptBehavior: dismiss and notify, webauthn:extension:credBlob: true, webauthn:extension:largeBlob: true, webauthn:extension:minPinLength: true, webauthn:extension:prf: true, webauthn:virtualAuthenticators: true}
Session ID: 4a2dbb008fcc3f18c69bebf1358876a7
at org.openqa.selenium.remote.codec.w3c.W3CHttpResponseCodec.createException(W3CHttpResponseCodec.java:200)
at org.openqa.selenium.remote.codec.w3c.W3CHttpResponseCodec.decode(W3CHttpResponseCodec.java:133)
at org.openqa.selenium.remote.codec.w3c.W3CHttpResponseCodec.decode(W3CHttpResponseCodec.java:53)
at org.openqa.selenium.remote.HttpCommandExecutor.execute(HttpCommandExecutor.java:193)
at org.openqa.selenium.remote.service.DriverCommandExecutor.invokeExecute(DriverCommandExecutor.java:183)
at org.openqa.selenium.remote.service.DriverCommandExecutor.execute(DriverCommandExecutor.java:158)
at org.openqa.selenium.remote.RemoteWebDriver.execute(RemoteWebDriver.java:543)
at org.openqa.selenium.remote.RemoteWebDriver.execute(RemoteWebDriver.java:598)
at org.openqa.selenium.remote.RemoteWebDriver.execute(RemoteWebDriver.java:602)
at org.openqa.selenium.remote.RemoteWebDriver.getScreenshotAs(RemoteWebDriver.java:318)
at F.utilities.BaseClass.getScreenshot1(BaseClass.java:175)
at F.utilities.BaseClass.getResult(BaseClass.java:151)
at java.base/java.util.ArrayList.forEach(ArrayList.java:1511)
... Removed 33 stack frames]]>
    </failure>
  </testcase> <!-- @AfterMethod getResult -->
  <testcase classname="F.utilities.BaseClass" name="@AfterMethod EndReport" time="0.0">
    <skipped/>
  </testcase> <!-- @AfterMethod EndReport -->
  <testcase classname="F.utilities.BaseClass" name="@AfterMethod getResult" time="0.0">
    <skipped/>
  </testcase> <!-- @AfterMethod getResult -->
  <testcase classname="F.utilities.BaseClass" name="@AfterMethod EndReport" time="0.0">
    <skipped/>
  </testcase> <!-- @AfterMethod EndReport -->
  <testcase classname="F.utilities.BaseClass" name="@AfterMethod getResult" time="0.0">
    <skipped/>
  </testcase> <!-- @AfterMethod getResult -->
  <testcase classname="F.utilities.BaseClass" name="@AfterMethod getResult" time="0.003">
    <failure type="org.openqa.selenium.NoSuchWindowException" message="no such window: target window already closed
from unknown error: web view not found
  (Session info: MicrosoftEdge=127.0.2651.74)
Build info: version: &amp;apos;4.9.0&amp;apos;, revision: &amp;apos;d7057100a6&amp;apos;
System info: os.name: &amp;apos;Windows 10&amp;apos;, os.arch: &amp;apos;amd64&amp;apos;, os.version: &amp;apos;10.0&amp;apos;, java.version: &amp;apos;18.0.2.1&amp;apos;
Driver info: org.openqa.selenium.edge.EdgeDriver
Command: [4a2dbb008fcc3f18c69bebf1358876a7, screenshot {}]
Capabilities {acceptInsecureCerts: false, browserName: MicrosoftEdge, browserVersion: 127.0.2651.74, fedcm:accounts: true, ms:edgeOptions: {debuggerAddress: localhost:60656}, msedge: {msedgedriverVersion: 127.0.2651.74 (dbf5b0aa014c..., userDataDir: C:\Users\sharuk.k\AppData\L...}, networkConnectionEnabled: false, pageLoadStrategy: normal, platformName: WINDOWS, proxy: Proxy(), se:cdp: ws://localhost:60656/devtoo..., se:cdpVersion: 127.0.2651.74, setWindowRect: true, strictFileInteractability: false, timeouts: {implicit: 0, pageLoad: 300000, script: 30000}, unhandledPromptBehavior: dismiss and notify, webauthn:extension:credBlob: true, webauthn:extension:largeBlob: true, webauthn:extension:minPinLength: true, webauthn:extension:prf: true, webauthn:virtualAuthenticators: true}
Session ID: 4a2dbb008fcc3f18c69bebf1358876a7">
      <![CDATA[org.openqa.selenium.NoSuchWindowException: no such window: target window already closed
from unknown error: web view not found
  (Session info: MicrosoftEdge=127.0.2651.74)
Build info: version: '4.9.0', revision: 'd7057100a6'
System info: os.name: 'Windows 10', os.arch: 'amd64', os.version: '10.0', java.version: '18.0.2.1'
Driver info: org.openqa.selenium.edge.EdgeDriver
Command: [4a2dbb008fcc3f18c69bebf1358876a7, screenshot {}]
Capabilities {acceptInsecureCerts: false, browserName: MicrosoftEdge, browserVersion: 127.0.2651.74, fedcm:accounts: true, ms:edgeOptions: {debuggerAddress: localhost:60656}, msedge: {msedgedriverVersion: 127.0.2651.74 (dbf5b0aa014c..., userDataDir: C:\Users\sharuk.k\AppData\L...}, networkConnectionEnabled: false, pageLoadStrategy: normal, platformName: WINDOWS, proxy: Proxy(), se:cdp: ws://localhost:60656/devtoo..., se:cdpVersion: 127.0.2651.74, setWindowRect: true, strictFileInteractability: false, timeouts: {implicit: 0, pageLoad: 300000, script: 30000}, unhandledPromptBehavior: dismiss and notify, webauthn:extension:credBlob: true, webauthn:extension:largeBlob: true, webauthn:extension:minPinLength: true, webauthn:extension:prf: true, webauthn:virtualAuthenticators: true}
Session ID: 4a2dbb008fcc3f18c69bebf1358876a7
at org.openqa.selenium.remote.codec.w3c.W3CHttpResponseCodec.createException(W3CHttpResponseCodec.java:200)
at org.openqa.selenium.remote.codec.w3c.W3CHttpResponseCodec.decode(W3CHttpResponseCodec.java:133)
at org.openqa.selenium.remote.codec.w3c.W3CHttpResponseCodec.decode(W3CHttpResponseCodec.java:53)
at org.openqa.selenium.remote.HttpCommandExecutor.execute(HttpCommandExecutor.java:193)
at org.openqa.selenium.remote.service.DriverCommandExecutor.invokeExecute(DriverCommandExecutor.java:183)
at org.openqa.selenium.remote.service.DriverCommandExecutor.execute(DriverCommandExecutor.java:158)
at org.openqa.selenium.remote.RemoteWebDriver.execute(RemoteWebDriver.java:543)
at org.openqa.selenium.remote.RemoteWebDriver.execute(RemoteWebDriver.java:598)
at org.openqa.selenium.remote.RemoteWebDriver.execute(RemoteWebDriver.java:602)
at org.openqa.selenium.remote.RemoteWebDriver.getScreenshotAs(RemoteWebDriver.java:318)
at F.utilities.BaseClass.getScreenshot(BaseClass.java:166)
at F.utilities.BaseClass.getResult(BaseClass.java:142)
at java.base/java.util.ArrayList.forEach(ArrayList.java:1511)
... Removed 33 stack frames]]>
    </failure>
  </testcase> <!-- @AfterMethod getResult -->
  <testcase classname="F.utilities.BaseClass" name="@AfterMethod getResult" time="0.003">
    <failure type="org.openqa.selenium.NoSuchWindowException" message="no such window: target window already closed
from unknown error: web view not found
  (Session info: MicrosoftEdge=127.0.2651.74)
Build info: version: &amp;apos;4.9.0&amp;apos;, revision: &amp;apos;d7057100a6&amp;apos;
System info: os.name: &amp;apos;Windows 10&amp;apos;, os.arch: &amp;apos;amd64&amp;apos;, os.version: &amp;apos;10.0&amp;apos;, java.version: &amp;apos;18.0.2.1&amp;apos;
Driver info: org.openqa.selenium.edge.EdgeDriver
Command: [4a2dbb008fcc3f18c69bebf1358876a7, screenshot {}]
Capabilities {acceptInsecureCerts: false, browserName: MicrosoftEdge, browserVersion: 127.0.2651.74, fedcm:accounts: true, ms:edgeOptions: {debuggerAddress: localhost:60656}, msedge: {msedgedriverVersion: 127.0.2651.74 (dbf5b0aa014c..., userDataDir: C:\Users\sharuk.k\AppData\L...}, networkConnectionEnabled: false, pageLoadStrategy: normal, platformName: WINDOWS, proxy: Proxy(), se:cdp: ws://localhost:60656/devtoo..., se:cdpVersion: 127.0.2651.74, setWindowRect: true, strictFileInteractability: false, timeouts: {implicit: 0, pageLoad: 300000, script: 30000}, unhandledPromptBehavior: dismiss and notify, webauthn:extension:credBlob: true, webauthn:extension:largeBlob: true, webauthn:extension:minPinLength: true, webauthn:extension:prf: true, webauthn:virtualAuthenticators: true}
Session ID: 4a2dbb008fcc3f18c69bebf1358876a7">
      <![CDATA[org.openqa.selenium.NoSuchWindowException: no such window: target window already closed
from unknown error: web view not found
  (Session info: MicrosoftEdge=127.0.2651.74)
Build info: version: '4.9.0', revision: 'd7057100a6'
System info: os.name: 'Windows 10', os.arch: 'amd64', os.version: '10.0', java.version: '18.0.2.1'
Driver info: org.openqa.selenium.edge.EdgeDriver
Command: [4a2dbb008fcc3f18c69bebf1358876a7, screenshot {}]
Capabilities {acceptInsecureCerts: false, browserName: MicrosoftEdge, browserVersion: 127.0.2651.74, fedcm:accounts: true, ms:edgeOptions: {debuggerAddress: localhost:60656}, msedge: {msedgedriverVersion: 127.0.2651.74 (dbf5b0aa014c..., userDataDir: C:\Users\sharuk.k\AppData\L...}, networkConnectionEnabled: false, pageLoadStrategy: normal, platformName: WINDOWS, proxy: Proxy(), se:cdp: ws://localhost:60656/devtoo..., se:cdpVersion: 127.0.2651.74, setWindowRect: true, strictFileInteractability: false, timeouts: {implicit: 0, pageLoad: 300000, script: 30000}, unhandledPromptBehavior: dismiss and notify, webauthn:extension:credBlob: true, webauthn:extension:largeBlob: true, webauthn:extension:minPinLength: true, webauthn:extension:prf: true, webauthn:virtualAuthenticators: true}
Session ID: 4a2dbb008fcc3f18c69bebf1358876a7
at org.openqa.selenium.remote.codec.w3c.W3CHttpResponseCodec.createException(W3CHttpResponseCodec.java:200)
at org.openqa.selenium.remote.codec.w3c.W3CHttpResponseCodec.decode(W3CHttpResponseCodec.java:133)
at org.openqa.selenium.remote.codec.w3c.W3CHttpResponseCodec.decode(W3CHttpResponseCodec.java:53)
at org.openqa.selenium.remote.HttpCommandExecutor.execute(HttpCommandExecutor.java:193)
at org.openqa.selenium.remote.service.DriverCommandExecutor.invokeExecute(DriverCommandExecutor.java:183)
at org.openqa.selenium.remote.service.DriverCommandExecutor.execute(DriverCommandExecutor.java:158)
at org.openqa.selenium.remote.RemoteWebDriver.execute(RemoteWebDriver.java:543)
at org.openqa.selenium.remote.RemoteWebDriver.execute(RemoteWebDriver.java:598)
at org.openqa.selenium.remote.RemoteWebDriver.execute(RemoteWebDriver.java:602)
at org.openqa.selenium.remote.RemoteWebDriver.getScreenshotAs(RemoteWebDriver.java:318)
at F.utilities.BaseClass.getScreenshot1(BaseClass.java:175)
at F.utilities.BaseClass.getResult(BaseClass.java:151)
at java.base/java.util.ArrayList.forEach(ArrayList.java:1511)
... Removed 33 stack frames]]>
    </failure>
  </testcase> <!-- @AfterMethod getResult -->
  <testcase classname="ZZ_Issues_AutomationTestScripts.TC_05_02_BOM_SFG_Add_2RM_No_KSM_update" name="BillOfMaterialCreate" time="0.063">
    <failure type="org.openqa.selenium.NoSuchWindowException" message="no such window: target window already closed
from unknown error: web view not found
  (Session info: MicrosoftEdge=127.0.2651.74)
Build info: version: &amp;apos;4.9.0&amp;apos;, revision: &amp;apos;d7057100a6&amp;apos;
System info: os.name: &amp;apos;Windows 10&amp;apos;, os.arch: &amp;apos;amd64&amp;apos;, os.version: &amp;apos;10.0&amp;apos;, java.version: &amp;apos;18.0.2.1&amp;apos;
Driver info: org.openqa.selenium.edge.EdgeDriver
Command: [4a2dbb008fcc3f18c69bebf1358876a7, findElement {using=xpath, value=//*[@formcontrolname=&amp;apos;LoginId&amp;apos;]}]
Capabilities {acceptInsecureCerts: false, browserName: MicrosoftEdge, browserVersion: 127.0.2651.74, fedcm:accounts: true, ms:edgeOptions: {debuggerAddress: localhost:60656}, msedge: {msedgedriverVersion: 127.0.2651.74 (dbf5b0aa014c..., userDataDir: C:\Users\sharuk.k\AppData\L...}, networkConnectionEnabled: false, pageLoadStrategy: normal, platformName: WINDOWS, proxy: Proxy(), se:cdp: ws://localhost:60656/devtoo..., se:cdpVersion: 127.0.2651.74, setWindowRect: true, strictFileInteractability: false, timeouts: {implicit: 0, pageLoad: 300000, script: 30000}, unhandledPromptBehavior: dismiss and notify, webauthn:extension:credBlob: true, webauthn:extension:largeBlob: true, webauthn:extension:minPinLength: true, webauthn:extension:prf: true, webauthn:virtualAuthenticators: true}
Session ID: 4a2dbb008fcc3f18c69bebf1358876a7">
      <![CDATA[org.openqa.selenium.NoSuchWindowException: no such window: target window already closed
from unknown error: web view not found
  (Session info: MicrosoftEdge=127.0.2651.74)
Build info: version: '4.9.0', revision: 'd7057100a6'
System info: os.name: 'Windows 10', os.arch: 'amd64', os.version: '10.0', java.version: '18.0.2.1'
Driver info: org.openqa.selenium.edge.EdgeDriver
Command: [4a2dbb008fcc3f18c69bebf1358876a7, findElement {using=xpath, value=//*[@formcontrolname='LoginId']}]
Capabilities {acceptInsecureCerts: false, browserName: MicrosoftEdge, browserVersion: 127.0.2651.74, fedcm:accounts: true, ms:edgeOptions: {debuggerAddress: localhost:60656}, msedge: {msedgedriverVersion: 127.0.2651.74 (dbf5b0aa014c..., userDataDir: C:\Users\sharuk.k\AppData\L...}, networkConnectionEnabled: false, pageLoadStrategy: normal, platformName: WINDOWS, proxy: Proxy(), se:cdp: ws://localhost:60656/devtoo..., se:cdpVersion: 127.0.2651.74, setWindowRect: true, strictFileInteractability: false, timeouts: {implicit: 0, pageLoad: 300000, script: 30000}, unhandledPromptBehavior: dismiss and notify, webauthn:extension:credBlob: true, webauthn:extension:largeBlob: true, webauthn:extension:minPinLength: true, webauthn:extension:prf: true, webauthn:virtualAuthenticators: true}
Session ID: 4a2dbb008fcc3f18c69bebf1358876a7
at org.openqa.selenium.remote.codec.w3c.W3CHttpResponseCodec.createException(W3CHttpResponseCodec.java:200)
at org.openqa.selenium.remote.codec.w3c.W3CHttpResponseCodec.decode(W3CHttpResponseCodec.java:133)
at org.openqa.selenium.remote.codec.w3c.W3CHttpResponseCodec.decode(W3CHttpResponseCodec.java:53)
at org.openqa.selenium.remote.HttpCommandExecutor.execute(HttpCommandExecutor.java:193)
at org.openqa.selenium.remote.service.DriverCommandExecutor.invokeExecute(DriverCommandExecutor.java:183)
at org.openqa.selenium.remote.service.DriverCommandExecutor.execute(DriverCommandExecutor.java:158)
at org.openqa.selenium.remote.RemoteWebDriver.execute(RemoteWebDriver.java:543)
at org.openqa.selenium.remote.ElementLocation$ElementFinder$2.findElement(ElementLocation.java:162)
at org.openqa.selenium.remote.ElementLocation.findElement(ElementLocation.java:60)
at org.openqa.selenium.remote.RemoteWebDriver.findElement(RemoteWebDriver.java:352)
at org.openqa.selenium.remote.RemoteWebDriver.findElement(RemoteWebDriver.java:344)
at F.utilities.BaseClass.WMPS_Login(BaseClass.java:408)
at ZZ_Issues_AutomationTestScripts.TC_05_02_BOM_SFG_Add_2RM_No_KSM_update.BillOfMaterialCreate(TC_05_02_BOM_SFG_Add_2RM_No_KSM_update.java:33)
at java.base/java.util.ArrayList.forEach(ArrayList.java:1511)
... Removed 28 stack frames]]>
    </failure>
  </testcase> <!-- BillOfMaterialCreate -->
  <testcase classname="ZZ_Issues_AutomationTestScripts.TC_05_02_BOM_SFG_Add_2RM_No_KSM_update" name="BillOfMaterialRelease" time="0.0">
    <skipped/>
  </testcase> <!-- BillOfMaterialRelease -->
  <testcase classname="ZZ_Issues_AutomationTestScripts.TC_O1_BatchOrder_Release_update" name="GoodsIssueRelease" time="0.023">
    <failure type="org.openqa.selenium.NoSuchWindowException" message="no such window: target window already closed
from unknown error: web view not found
  (Session info: MicrosoftEdge=127.0.2651.74)
Build info: version: &amp;apos;4.9.0&amp;apos;, revision: &amp;apos;d7057100a6&amp;apos;
System info: os.name: &amp;apos;Windows 10&amp;apos;, os.arch: &amp;apos;amd64&amp;apos;, os.version: &amp;apos;10.0&amp;apos;, java.version: &amp;apos;18.0.2.1&amp;apos;
Driver info: org.openqa.selenium.edge.EdgeDriver
Command: [4a2dbb008fcc3f18c69bebf1358876a7, findElement {using=xpath, value=//*[@formcontrolname=&amp;apos;LoginId&amp;apos;]}]
Capabilities {acceptInsecureCerts: false, browserName: MicrosoftEdge, browserVersion: 127.0.2651.74, fedcm:accounts: true, ms:edgeOptions: {debuggerAddress: localhost:60656}, msedge: {msedgedriverVersion: 127.0.2651.74 (dbf5b0aa014c..., userDataDir: C:\Users\sharuk.k\AppData\L...}, networkConnectionEnabled: false, pageLoadStrategy: normal, platformName: WINDOWS, proxy: Proxy(), se:cdp: ws://localhost:60656/devtoo..., se:cdpVersion: 127.0.2651.74, setWindowRect: true, strictFileInteractability: false, timeouts: {implicit: 0, pageLoad: 300000, script: 30000}, unhandledPromptBehavior: dismiss and notify, webauthn:extension:credBlob: true, webauthn:extension:largeBlob: true, webauthn:extension:minPinLength: true, webauthn:extension:prf: true, webauthn:virtualAuthenticators: true}
Session ID: 4a2dbb008fcc3f18c69bebf1358876a7">
      <![CDATA[org.openqa.selenium.NoSuchWindowException: no such window: target window already closed
from unknown error: web view not found
  (Session info: MicrosoftEdge=127.0.2651.74)
Build info: version: '4.9.0', revision: 'd7057100a6'
System info: os.name: 'Windows 10', os.arch: 'amd64', os.version: '10.0', java.version: '18.0.2.1'
Driver info: org.openqa.selenium.edge.EdgeDriver
Command: [4a2dbb008fcc3f18c69bebf1358876a7, findElement {using=xpath, value=//*[@formcontrolname='LoginId']}]
Capabilities {acceptInsecureCerts: false, browserName: MicrosoftEdge, browserVersion: 127.0.2651.74, fedcm:accounts: true, ms:edgeOptions: {debuggerAddress: localhost:60656}, msedge: {msedgedriverVersion: 127.0.2651.74 (dbf5b0aa014c..., userDataDir: C:\Users\sharuk.k\AppData\L...}, networkConnectionEnabled: false, pageLoadStrategy: normal, platformName: WINDOWS, proxy: Proxy(), se:cdp: ws://localhost:60656/devtoo..., se:cdpVersion: 127.0.2651.74, setWindowRect: true, strictFileInteractability: false, timeouts: {implicit: 0, pageLoad: 300000, script: 30000}, unhandledPromptBehavior: dismiss and notify, webauthn:extension:credBlob: true, webauthn:extension:largeBlob: true, webauthn:extension:minPinLength: true, webauthn:extension:prf: true, webauthn:virtualAuthenticators: true}
Session ID: 4a2dbb008fcc3f18c69bebf1358876a7
at org.openqa.selenium.remote.codec.w3c.W3CHttpResponseCodec.createException(W3CHttpResponseCodec.java:200)
at org.openqa.selenium.remote.codec.w3c.W3CHttpResponseCodec.decode(W3CHttpResponseCodec.java:133)
at org.openqa.selenium.remote.codec.w3c.W3CHttpResponseCodec.decode(W3CHttpResponseCodec.java:53)
at org.openqa.selenium.remote.HttpCommandExecutor.execute(HttpCommandExecutor.java:193)
at org.openqa.selenium.remote.service.DriverCommandExecutor.invokeExecute(DriverCommandExecutor.java:183)
at org.openqa.selenium.remote.service.DriverCommandExecutor.execute(DriverCommandExecutor.java:158)
at org.openqa.selenium.remote.RemoteWebDriver.execute(RemoteWebDriver.java:543)
at org.openqa.selenium.remote.ElementLocation$ElementFinder$2.findElement(ElementLocation.java:162)
at org.openqa.selenium.remote.ElementLocation.findElement(ElementLocation.java:60)
at org.openqa.selenium.remote.RemoteWebDriver.findElement(RemoteWebDriver.java:352)
at org.openqa.selenium.remote.RemoteWebDriver.findElement(RemoteWebDriver.java:344)
at F.utilities.BaseClass.WMPS_Login(BaseClass.java:408)
at ZZ_Issues_AutomationTestScripts.TC_O1_BatchOrder_Release_update.GoodsIssueRelease(TC_O1_BatchOrder_Release_update.java:53)
at java.base/java.util.ArrayList.forEach(ArrayList.java:1511)
... Removed 28 stack frames]]>
    </failure>
  </testcase> <!-- GoodsIssueRelease -->
  <testcase classname="ZZ_Issues_AutomationTestScripts.QualityInspection1Batch1updated" name="QualityInspectionCreate" time="0.033">
    <failure type="org.openqa.selenium.NoSuchWindowException" message="no such window: target window already closed
from unknown error: web view not found
  (Session info: MicrosoftEdge=127.0.2651.74)
Build info: version: &amp;apos;4.9.0&amp;apos;, revision: &amp;apos;d7057100a6&amp;apos;
System info: os.name: &amp;apos;Windows 10&amp;apos;, os.arch: &amp;apos;amd64&amp;apos;, os.version: &amp;apos;10.0&amp;apos;, java.version: &amp;apos;18.0.2.1&amp;apos;
Driver info: org.openqa.selenium.edge.EdgeDriver
Command: [4a2dbb008fcc3f18c69bebf1358876a7, findElement {using=xpath, value=//*[@formcontrolname=&amp;apos;LoginId&amp;apos;]}]
Capabilities {acceptInsecureCerts: false, browserName: MicrosoftEdge, browserVersion: 127.0.2651.74, fedcm:accounts: true, ms:edgeOptions: {debuggerAddress: localhost:60656}, msedge: {msedgedriverVersion: 127.0.2651.74 (dbf5b0aa014c..., userDataDir: C:\Users\sharuk.k\AppData\L...}, networkConnectionEnabled: false, pageLoadStrategy: normal, platformName: WINDOWS, proxy: Proxy(), se:cdp: ws://localhost:60656/devtoo..., se:cdpVersion: 127.0.2651.74, setWindowRect: true, strictFileInteractability: false, timeouts: {implicit: 0, pageLoad: 300000, script: 30000}, unhandledPromptBehavior: dismiss and notify, webauthn:extension:credBlob: true, webauthn:extension:largeBlob: true, webauthn:extension:minPinLength: true, webauthn:extension:prf: true, webauthn:virtualAuthenticators: true}
Session ID: 4a2dbb008fcc3f18c69bebf1358876a7">
      <![CDATA[org.openqa.selenium.NoSuchWindowException: no such window: target window already closed
from unknown error: web view not found
  (Session info: MicrosoftEdge=127.0.2651.74)
Build info: version: '4.9.0', revision: 'd7057100a6'
System info: os.name: 'Windows 10', os.arch: 'amd64', os.version: '10.0', java.version: '18.0.2.1'
Driver info: org.openqa.selenium.edge.EdgeDriver
Command: [4a2dbb008fcc3f18c69bebf1358876a7, findElement {using=xpath, value=//*[@formcontrolname='LoginId']}]
Capabilities {acceptInsecureCerts: false, browserName: MicrosoftEdge, browserVersion: 127.0.2651.74, fedcm:accounts: true, ms:edgeOptions: {debuggerAddress: localhost:60656}, msedge: {msedgedriverVersion: 127.0.2651.74 (dbf5b0aa014c..., userDataDir: C:\Users\sharuk.k\AppData\L...}, networkConnectionEnabled: false, pageLoadStrategy: normal, platformName: WINDOWS, proxy: Proxy(), se:cdp: ws://localhost:60656/devtoo..., se:cdpVersion: 127.0.2651.74, setWindowRect: true, strictFileInteractability: false, timeouts: {implicit: 0, pageLoad: 300000, script: 30000}, unhandledPromptBehavior: dismiss and notify, webauthn:extension:credBlob: true, webauthn:extension:largeBlob: true, webauthn:extension:minPinLength: true, webauthn:extension:prf: true, webauthn:virtualAuthenticators: true}
Session ID: 4a2dbb008fcc3f18c69bebf1358876a7
at org.openqa.selenium.remote.codec.w3c.W3CHttpResponseCodec.createException(W3CHttpResponseCodec.java:200)
at org.openqa.selenium.remote.codec.w3c.W3CHttpResponseCodec.decode(W3CHttpResponseCodec.java:133)
at org.openqa.selenium.remote.codec.w3c.W3CHttpResponseCodec.decode(W3CHttpResponseCodec.java:53)
at org.openqa.selenium.remote.HttpCommandExecutor.execute(HttpCommandExecutor.java:193)
at org.openqa.selenium.remote.service.DriverCommandExecutor.invokeExecute(DriverCommandExecutor.java:183)
at org.openqa.selenium.remote.service.DriverCommandExecutor.execute(DriverCommandExecutor.java:158)
at org.openqa.selenium.remote.RemoteWebDriver.execute(RemoteWebDriver.java:543)
at org.openqa.selenium.remote.ElementLocation$ElementFinder$2.findElement(ElementLocation.java:162)
at org.openqa.selenium.remote.ElementLocation.findElement(ElementLocation.java:60)
at org.openqa.selenium.remote.RemoteWebDriver.findElement(RemoteWebDriver.java:352)
at org.openqa.selenium.remote.RemoteWebDriver.findElement(RemoteWebDriver.java:344)
at F.utilities.BaseClass.WMPS_Login(BaseClass.java:408)
at ZZ_Issues_AutomationTestScripts.QualityInspection1Batch1updated.QualityInspectionCreate(QualityInspection1Batch1updated.java:29)
at java.base/java.util.ArrayList.forEach(ArrayList.java:1511)
... Removed 28 stack frames]]>
    </failure>
  </testcase> <!-- QualityInspectionCreate -->
  <testcase classname="ZZ_Issues_AutomationTestScripts.TC_07_02_Goods_Issue_01_SFP_01_2x1_update" name="Ordertypr" time="0.013">
    <failure type="org.openqa.selenium.NoSuchWindowException" message="no such window: target window already closed
from unknown error: web view not found
  (Session info: MicrosoftEdge=127.0.2651.74)
Build info: version: &amp;apos;4.9.0&amp;apos;, revision: &amp;apos;d7057100a6&amp;apos;
System info: os.name: &amp;apos;Windows 10&amp;apos;, os.arch: &amp;apos;amd64&amp;apos;, os.version: &amp;apos;10.0&amp;apos;, java.version: &amp;apos;18.0.2.1&amp;apos;
Driver info: org.openqa.selenium.edge.EdgeDriver
Command: [4a2dbb008fcc3f18c69bebf1358876a7, findElement {using=xpath, value=//*[@formcontrolname=&amp;apos;LoginId&amp;apos;]}]
Capabilities {acceptInsecureCerts: false, browserName: MicrosoftEdge, browserVersion: 127.0.2651.74, fedcm:accounts: true, ms:edgeOptions: {debuggerAddress: localhost:60656}, msedge: {msedgedriverVersion: 127.0.2651.74 (dbf5b0aa014c..., userDataDir: C:\Users\sharuk.k\AppData\L...}, networkConnectionEnabled: false, pageLoadStrategy: normal, platformName: WINDOWS, proxy: Proxy(), se:cdp: ws://localhost:60656/devtoo..., se:cdpVersion: 127.0.2651.74, setWindowRect: true, strictFileInteractability: false, timeouts: {implicit: 0, pageLoad: 300000, script: 30000}, unhandledPromptBehavior: dismiss and notify, webauthn:extension:credBlob: true, webauthn:extension:largeBlob: true, webauthn:extension:minPinLength: true, webauthn:extension:prf: true, webauthn:virtualAuthenticators: true}
Session ID: 4a2dbb008fcc3f18c69bebf1358876a7">
      <![CDATA[org.openqa.selenium.NoSuchWindowException: no such window: target window already closed
from unknown error: web view not found
  (Session info: MicrosoftEdge=127.0.2651.74)
Build info: version: '4.9.0', revision: 'd7057100a6'
System info: os.name: 'Windows 10', os.arch: 'amd64', os.version: '10.0', java.version: '18.0.2.1'
Driver info: org.openqa.selenium.edge.EdgeDriver
Command: [4a2dbb008fcc3f18c69bebf1358876a7, findElement {using=xpath, value=//*[@formcontrolname='LoginId']}]
Capabilities {acceptInsecureCerts: false, browserName: MicrosoftEdge, browserVersion: 127.0.2651.74, fedcm:accounts: true, ms:edgeOptions: {debuggerAddress: localhost:60656}, msedge: {msedgedriverVersion: 127.0.2651.74 (dbf5b0aa014c..., userDataDir: C:\Users\sharuk.k\AppData\L...}, networkConnectionEnabled: false, pageLoadStrategy: normal, platformName: WINDOWS, proxy: Proxy(), se:cdp: ws://localhost:60656/devtoo..., se:cdpVersion: 127.0.2651.74, setWindowRect: true, strictFileInteractability: false, timeouts: {implicit: 0, pageLoad: 300000, script: 30000}, unhandledPromptBehavior: dismiss and notify, webauthn:extension:credBlob: true, webauthn:extension:largeBlob: true, webauthn:extension:minPinLength: true, webauthn:extension:prf: true, webauthn:virtualAuthenticators: true}
Session ID: 4a2dbb008fcc3f18c69bebf1358876a7
at org.openqa.selenium.remote.codec.w3c.W3CHttpResponseCodec.createException(W3CHttpResponseCodec.java:200)
at org.openqa.selenium.remote.codec.w3c.W3CHttpResponseCodec.decode(W3CHttpResponseCodec.java:133)
at org.openqa.selenium.remote.codec.w3c.W3CHttpResponseCodec.decode(W3CHttpResponseCodec.java:53)
at org.openqa.selenium.remote.HttpCommandExecutor.execute(HttpCommandExecutor.java:193)
at org.openqa.selenium.remote.service.DriverCommandExecutor.invokeExecute(DriverCommandExecutor.java:183)
at org.openqa.selenium.remote.service.DriverCommandExecutor.execute(DriverCommandExecutor.java:158)
at org.openqa.selenium.remote.RemoteWebDriver.execute(RemoteWebDriver.java:543)
at org.openqa.selenium.remote.ElementLocation$ElementFinder$2.findElement(ElementLocation.java:162)
at org.openqa.selenium.remote.ElementLocation.findElement(ElementLocation.java:60)
at org.openqa.selenium.remote.RemoteWebDriver.findElement(RemoteWebDriver.java:352)
at org.openqa.selenium.remote.RemoteWebDriver.findElement(RemoteWebDriver.java:344)
at F.utilities.BaseClass.WMPS_Login(BaseClass.java:408)
at ZZ_Issues_AutomationTestScripts.TC_07_02_Goods_Issue_01_SFP_01_2x1_update.Ordertypr(TC_07_02_Goods_Issue_01_SFP_01_2x1_update.java:38)
at java.base/java.util.ArrayList.forEach(ArrayList.java:1511)
... Removed 28 stack frames]]>
    </failure>
  </testcase> <!-- Ordertypr -->
  <testcase classname="ZZ_Issues_AutomationTestScripts.TC_07_02_Goods_Issue_01_SFP_01_2x1_update" name="goodsIssueRqstRelease" time="0.001">
    <skipped/>
  </testcase> <!-- goodsIssueRqstRelease -->
  <testcase classname="ZZ_Issues_AutomationTestScripts.PurchaseOrder" name="PurchaseOrderReinitiate" time="0.008"/>
  <testcase classname="ZZ_Issues_AutomationTestScripts.PurchaseOrder" name="PurchaseOrderRelease" time="0.0">
    <skipped/>
  </testcase> <!-- PurchaseOrderRelease -->
  <testcase classname="ZZ_Issues_AutomationTestScripts.PurchaseOrder" name="PurchaseOrderReturn" time="0.0">
    <skipped/>
  </testcase> <!-- PurchaseOrderReturn -->
  <testcase classname="ZZ_Issues_AutomationTestScripts.PurchaseOrder" name="Purchase_Order_Entry" time="0.0">
    <skipped/>
  </testcase> <!-- Purchase_Order_Entry -->
  <testcase classname="ZZ_Issues_AutomationTestScripts.zzTC_01_Quality_Inspection_Search" name="Quality_Inspection" time="0.011">
    <failure type="org.openqa.selenium.NoSuchWindowException" message="no such window: target window already closed
from unknown error: web view not found
  (Session info: MicrosoftEdge=127.0.2651.74)
Build info: version: &amp;apos;4.9.0&amp;apos;, revision: &amp;apos;d7057100a6&amp;apos;
System info: os.name: &amp;apos;Windows 10&amp;apos;, os.arch: &amp;apos;amd64&amp;apos;, os.version: &amp;apos;10.0&amp;apos;, java.version: &amp;apos;18.0.2.1&amp;apos;
Driver info: org.openqa.selenium.edge.EdgeDriver
Command: [4a2dbb008fcc3f18c69bebf1358876a7, findElement {using=xpath, value=//*[@formcontrolname=&amp;apos;LoginId&amp;apos;]}]
Capabilities {acceptInsecureCerts: false, browserName: MicrosoftEdge, browserVersion: 127.0.2651.74, fedcm:accounts: true, ms:edgeOptions: {debuggerAddress: localhost:60656}, msedge: {msedgedriverVersion: 127.0.2651.74 (dbf5b0aa014c..., userDataDir: C:\Users\sharuk.k\AppData\L...}, networkConnectionEnabled: false, pageLoadStrategy: normal, platformName: WINDOWS, proxy: Proxy(), se:cdp: ws://localhost:60656/devtoo..., se:cdpVersion: 127.0.2651.74, setWindowRect: true, strictFileInteractability: false, timeouts: {implicit: 0, pageLoad: 300000, script: 30000}, unhandledPromptBehavior: dismiss and notify, webauthn:extension:credBlob: true, webauthn:extension:largeBlob: true, webauthn:extension:minPinLength: true, webauthn:extension:prf: true, webauthn:virtualAuthenticators: true}
Session ID: 4a2dbb008fcc3f18c69bebf1358876a7">
      <![CDATA[org.openqa.selenium.NoSuchWindowException: no such window: target window already closed
from unknown error: web view not found
  (Session info: MicrosoftEdge=127.0.2651.74)
Build info: version: '4.9.0', revision: 'd7057100a6'
System info: os.name: 'Windows 10', os.arch: 'amd64', os.version: '10.0', java.version: '18.0.2.1'
Driver info: org.openqa.selenium.edge.EdgeDriver
Command: [4a2dbb008fcc3f18c69bebf1358876a7, findElement {using=xpath, value=//*[@formcontrolname='LoginId']}]
Capabilities {acceptInsecureCerts: false, browserName: MicrosoftEdge, browserVersion: 127.0.2651.74, fedcm:accounts: true, ms:edgeOptions: {debuggerAddress: localhost:60656}, msedge: {msedgedriverVersion: 127.0.2651.74 (dbf5b0aa014c..., userDataDir: C:\Users\sharuk.k\AppData\L...}, networkConnectionEnabled: false, pageLoadStrategy: normal, platformName: WINDOWS, proxy: Proxy(), se:cdp: ws://localhost:60656/devtoo..., se:cdpVersion: 127.0.2651.74, setWindowRect: true, strictFileInteractability: false, timeouts: {implicit: 0, pageLoad: 300000, script: 30000}, unhandledPromptBehavior: dismiss and notify, webauthn:extension:credBlob: true, webauthn:extension:largeBlob: true, webauthn:extension:minPinLength: true, webauthn:extension:prf: true, webauthn:virtualAuthenticators: true}
Session ID: 4a2dbb008fcc3f18c69bebf1358876a7
at org.openqa.selenium.remote.codec.w3c.W3CHttpResponseCodec.createException(W3CHttpResponseCodec.java:200)
at org.openqa.selenium.remote.codec.w3c.W3CHttpResponseCodec.decode(W3CHttpResponseCodec.java:133)
at org.openqa.selenium.remote.codec.w3c.W3CHttpResponseCodec.decode(W3CHttpResponseCodec.java:53)
[...]
at java.base/java.util.ArrayList.forEach(ArrayList.java:1511)
... Removed 28 stack frames]]>
    </failure>
  </testcase> <!-- Create -->
  <testcase classname="ZZ_Issues_AutomationTestScripts.GoodsdsIssue_agnstMaterialRqst_Issue_Updated2" name="ReInitiate" time="0.0">
    <skipped/>
  </testcase> <!-- ReInitiate -->
  <testcase classname="ZZ_Issues_AutomationTestScripts.GoodsdsIssue_agnstMaterialRqst_Issue_Updated2" name="ReleseAndReturn" time="0.0">
    <failure type="org.testng.TestNGException" message="
Parameter &amp;apos;action&amp;apos; is required by @Test on method ReleseAndReturn but has not been marked @Optional or defined
in C:\Users\sharuk.k\eclipse-workspaceOOS\WMPS_2.0\WMPS_New\testng2.xml">
      <![CDATA[org.testng.TestNGException: 
Parameter 'action' is required by @Test on method ReleseAndReturn but has not been marked @Optional or defined
in C:\Users\sharuk.k\eclipse-workspaceOOS\WMPS_2.0\WMPS_New\testng2.xml
at java.base/java.util.ArrayList.forEach(ArrayList.java:1511)
... Removed 26 stack frames]]>
    </failure>
  </testcase> <!-- ReleseAndReturn -->
  <testcase classname="ZZ_Issues_AutomationTestScripts.GoodsdsIssue_agnstMaterialRqst_Issue_Updated2" name="ReleseAndReturnAgain" time="0.0">
    <failure type="org.testng.TestNGException" message="
Parameter &amp;apos;action&amp;apos; is required by @Test on method ReleseAndReturnAgain but has not been marked @Optional or defined
in C:\Users\sharuk.k\eclipse-workspaceOOS\WMPS_2.0\WMPS_New\testng2.xml">
      <![CDATA[org.testng.TestNGException: 
Parameter 'action' is required by @Test on method ReleseAndReturnAgain but has not been marked @Optional or defined
in C:\Users\sharuk.k\eclipse-workspaceOOS\WMPS_2.0\WMPS_New\testng2.xml
at java.base/java.util.ArrayList.forEach(ArrayList.java:1511)
... Removed 26 stack frames]]>
    </failure>
  </testcase> <!-- ReleseAndReturnAgain -->
  <testcase classname="ZZ_Issues_AutomationTestScripts.TC_01_MaterialMasterSemiFinishedMaterial" name="materialMaster" time="0.009"/>
  <testcase classname="ZZ_Issues_AutomationTestScripts.ExcleUpdateBOM_SFG_Add_2RM_No_KSM_update" name="BillOfMaterialCreate" time="0.005">
    <failure type="org.openqa.selenium.NoSuchWindowException" message="no such window: target window already closed
from unknown error: web view not found
  (Session info: MicrosoftEdge=127.0.2651.74)
Build info: version: &amp;apos;4.9.0&amp;apos;, revision: &amp;apos;d7057100a6&amp;apos;
System info: os.name: &amp;apos;Windows 10&amp;apos;, os.arch: &amp;apos;amd64&amp;apos;, os.version: &amp;apos;10.0&amp;apos;, java.version: &amp;apos;18.0.2.1&amp;apos;
Driver info: org.openqa.selenium.edge.EdgeDriver
Command: [4a2dbb008fcc3f18c69bebf1358876a7, findElement {using=xpath, value=//*[@formcontrolname=&amp;apos;LoginId&amp;apos;]}]
Capabilities {acceptInsecureCerts: false, browserName: MicrosoftEdge, browserVersion: 127.0.2651.74, fedcm:accounts: true, ms:edgeOptions: {debuggerAddress: localhost:60656}, msedge: {msedgedriverVersion: 127.0.2651.74 (dbf5b0aa014c..., userDataDir: C:\Users\sharuk.k\AppData\L...}, networkConnectionEnabled: false, pageLoadStrategy: normal, platformName: WINDOWS, proxy: Proxy(), se:cdp: ws://localhost:60656/devtoo..., se:cdpVersion: 127.0.2651.74, setWindowRect: true, strictFileInteractability: false, timeouts: {implicit: 0, pageLoad: 300000, script: 30000}, unhandledPromptBehavior: dismiss and notify, webauthn:extension:credBlob: true, webauthn:extension:largeBlob: true, webauthn:extension:minPinLength: true, webauthn:extension:prf: true, webauthn:virtualAuthenticators: true}
Session ID: 4a2dbb008fcc3f18c69bebf1358876a7">
      <![CDATA[org.openqa.selenium.NoSuchWindowException: no such window: target window already closed
from unknown error: web view not found
  (Session info: MicrosoftEdge=127.0.2651.74)
Build info: version: '4.9.0', revision: 'd7057100a6'
System info: os.name: 'Windows 10', os.arch: 'amd64', os.version: '10.0', java.version: '18.0.2.1'
Driver info: org.openqa.selenium.edge.EdgeDriver
Command: [4a2dbb008fcc3f18c69bebf1358876a7, findElement {using=xpath, value=//*[@formcontrolname='LoginId']}]
Capabilities {acceptInsecureCerts: false, browserName: MicrosoftEdge, browserVersion: 127.0.2651.74, fedcm:accounts: true, ms:edgeOptions: {debuggerAddress: localhost:60656}, msedge: {msedgedriverVersion: 127.0.2651.74 (dbf5b0aa014c..., userDataDir: C:\Users\sharuk.k\AppData\L...}, networkConnectionEnabled: false, pageLoadStrategy: normal, platformName: WINDOWS, proxy: Proxy(), se:cdp: ws://localhost:60656/devtoo..., se:cdpVersion: 127.0.2651.74, setWindowRect: true, strictFileInteractability: false, timeouts: {implicit: 0, pageLoad: 300000, script: 30000}, unhandledPromptBehavior: dismiss and notify, webauthn:extension:credBlob: true, webauthn:extension:largeBlob: true, webauthn:extension:minPinLength: true, webauthn:extension:prf: true, webauthn:virtualAuthenticators: true}
Session ID: 4a2dbb008fcc3f18c69bebf1358876a7
at org.openqa.selenium.remote.codec.w3c.W3CHttpResponseCodec.createException(W3CHttpResponseCodec.java:200)
at org.openqa.selenium.remote.codec.w3c.W3CHttpResponseCodec.decode(W3CHttpResponseCodec.java:133)
at org.openqa.selenium.remote.codec.w3c.W3CHttpResponseCodec.decode(W3CHttpResponseCodec.java:53)
at org.openqa.selenium.remote.HttpCommandExecutor.execute(HttpCommandExecutor.java:193)
at org.openqa.selenium.remote.service.DriverCommandExecutor.invokeExecute(DriverCommandExecutor.java:183)
at org.openqa.selenium.remote.service.DriverCommandExecutor.execute(DriverCommandExecutor.java:158)
at org.openqa.selenium.remote.RemoteWebDriver.execute(RemoteWebDriver.java:543)
at org.openqa.selenium.remote.ElementLocation$ElementFinder$2.findElement(ElementLocation.java:162)
at org.openqa.selenium.remote.ElementLocation.findElement(ElementLocation.java:60)
at org.openqa.selenium.remote.RemoteWebDriver.findElement(RemoteWebDriver.java:352)
at org.openqa.selenium.remote.RemoteWebDriver.findElement(RemoteWebDriver.java:344)
at F.utilities.BaseClass.WMPS_Login(BaseClass.java:408)
at ZZ_Issues_AutomationTestScripts.ExcleUpdateBOM_SFG_Add_2RM_No_KSM_update.BillOfMaterialCreate(ExcleUpdateBOM_SFG_Add_2RM_No_KSM_update.java:66)
at java.base/java.util.ArrayList.forEach(ArrayList.java:1511)
... Removed 28 stack frames]]>
    </failure>
  </testcase> <!-- BillOfMaterialCreate -->
  <testcase classname="ZZ_Issues_AutomationTestScripts.ExcleUpdateBOM_SFG_Add_2RM_No_KSM_update" name="BillOfMaterialRelease" time="0.0">
    <skipped/>
  </testcase> <!-- BillOfMaterialRelease -->
  <testcase classname="ZZ_Issues_AutomationTestScripts.GoodReciptWithPORelease01Container" name="goodsReceiptWithPoCreate" time="0.011">
    <failure type="org.openqa.selenium.NoSuchWindowException" message="no such window: target window already closed
from unknown error: web view not found
  (Session info: MicrosoftEdge=127.0.2651.74)
Build info: version: &amp;apos;4.9.0&amp;apos;, revision: &amp;apos;d7057100a6&amp;apos;
System info: os.name: &amp;apos;Windows 10&amp;apos;, os.arch: &amp;apos;amd64&amp;apos;, os.version: &amp;apos;10.0&amp;apos;, java.version: &amp;apos;18.0.2.1&amp;apos;
Driver info: org.openqa.selenium.edge.EdgeDriver
Command: [4a2dbb008fcc3f18c69bebf1358876a7, findElement {using=xpath, value=//*[@formcontrolname=&amp;apos;LoginId&amp;apos;]}]
Capabilities {acceptInsecureCerts: false, browserName: MicrosoftEdge, browserVersion: 127.0.2651.74, fedcm:accounts: true, ms:edgeOptions: {debuggerAddress: localhost:60656}, msedge: {msedgedriverVersion: 127.0.2651.74 (dbf5b0aa014c..., userDataDir: C:\Users\sharuk.k\AppData\L...}, networkConnectionEnabled: false, pageLoadStrategy: normal, platformName: WINDOWS, proxy: Proxy(), se:cdp: ws://localhost:60656/devtoo..., se:cdpVersion: 127.0.2651.74, setWindowRect: true, strictFileInteractability: false, timeouts: {implicit: 0, pageLoad: 300000, script: 30000}, unhandledPromptBehavior: dismiss and notify, webauthn:extension:credBlob: true, webauthn:extension:largeBlob: true, webauthn:extension:minPinLength: true, webauthn:extension:prf: true, webauthn:virtualAuthenticators: true}
Session ID: 4a2dbb008fcc3f18c69bebf1358876a7">
      <![CDATA[org.openqa.selenium.NoSuchWindowException: no such window: target window already closed
from unknown error: web view not found
  (Session info: MicrosoftEdge=127.0.2651.74)
Build info: version: '4.9.0', revision: 'd7057100a6'
System info: os.name: 'Windows 10', os.arch: 'amd64', os.version: '10.0', java.version: '18.0.2.1'
Driver info: org.openqa.selenium.edge.EdgeDriver
Command: [4a2dbb008fcc3f18c69bebf1358876a7, findElement {using=xpath, value=//*[@formcontrolname='LoginId']}]
Capabilities {acceptInsecureCerts: false, browserName: MicrosoftEdge, browserVersion: 127.0.2651.74, fedcm:accounts: true, ms:edgeOptions: {debuggerAddress: localhost:60656}, msedge: {msedgedriverVersion: 127.0.2651.74 (dbf5b0aa014c..., userDataDir: C:\Users\sharuk.k\AppData\L...}, networkConnectionEnabled: false, pageLoadStrategy: normal, platformName: WINDOWS, proxy: Proxy(), se:cdp: ws://localhost:60656/devtoo..., se:cdpVersion: 127.0.2651.74, setWindowRect: true, strictFileInteractability: false, timeouts: {implicit: 0, pageLoad: 300000, script: 30000}, unhandledPromptBehavior: dismiss and notify, webauthn:extension:credBlob: true, webauthn:extension:largeBlob: true, webauthn:extension:minPinLength: true, webauthn:extension:prf: true, webauthn:virtualAuthenticators: true}
Session ID: 4a2dbb008fcc3f18c69bebf1358876a7
at org.openqa.selenium.remote.codec.w3c.W3CHttpResponseCodec.createException(W3CHttpResponseCodec.java:200)
at org.openqa.selenium.remote.codec.w3c.W3CHttpResponseCodec.decode(W3CHttpResponseCodec.java:133)
at org.openqa.selenium.remote.codec.w3c.W3CHttpResponseCodec.decode(W3CHttpResponseCodec.java:53)
at org.openqa.selenium.remote.HttpCommandExecutor.execute(HttpCommandExecutor.java:193)
at org.openqa.selenium.remote.service.DriverCommandExecutor.invokeExecute(DriverCommandExecutor.java:183)
at org.openqa.selenium.remote.service.DriverCommandExecutor.execute(DriverCommandExecutor.java:158)
at org.openqa.selenium.remote.RemoteWebDriver.execute(RemoteWebDriver.java:543)
at org.openqa.selenium.remote.ElementLocation$ElementFinder$2.findElement(ElementLocation.java:162)
at org.openqa.selenium.remote.ElementLocation.findElement(ElementLocation.java:60)
at org.openqa.selenium.remote.RemoteWebDriver.findElement(RemoteWebDriver.java:352)
at org.openqa.selenium.remote.RemoteWebDriver.findElement(RemoteWebDriver.java:344)
at F.utilities.BaseClass.WMPS_Login(BaseClass.java:408)
at ZZ_Issues_AutomationTestScripts.GoodReciptWithPORelease01Container.goodsReceiptWithPoCreate(GoodReciptWithPORelease01Container.java:29)
at java.base/java.util.ArrayList.forEach(ArrayList.java:1511)
... Removed 28 stack frames]]>
    </failure>
  </testcase> <!-- goodsReceiptWithPoCreate -->
  <testcase classname="ZZ_Issues_AutomationTestScripts.GoodReciptWithPORelease01Container" name="goodsReceiptWithPoRelease" time="0.0">
    <skipped/>
  </testcase> <!-- goodsReceiptWithPoRelease -->
  <testcase classname="ZZ_Issues_AutomationTestScripts.TC_O1_BatchOrder_update" name="batchOrder" time="0.006"/>
  <testcase classname="ZZ_Issues_AutomationTestScripts.TC_O1_BatchOrder_update" name="batchOrderReInitiate" time="0.0">
    <skipped/>
  </testcase> <!-- batchOrderReInitiate -->
  <testcase classname="ZZ_Issues_AutomationTestScripts.TC_O1_BatchOrder_update" name="batchOrderRelease" time="0.0">
    <skipped/>
  </testcase> <!-- batchOrderRelease -->
  <testcase classname="ZZ_Issues_AutomationTestScripts.Material_Inventory_Reports" name="Create" time="0.008">
    <failure type="org.openqa.selenium.NoSuchWindowException" message="no such window: target window already closed
from unknown error: web view not found
  (Session info: MicrosoftEdge=127.0.2651.74)
Build info: version: &amp;apos;4.9.0&amp;apos;, revision: &amp;apos;d7057100a6&amp;apos;
System info: os.name: &amp;apos;Windows 10&amp;apos;, os.arch: &amp;apos;amd64&amp;apos;, os.version: &amp;apos;10.0&amp;apos;, java.version: &amp;apos;18.0.2.1&amp;apos;
Driver info: org.openqa.selenium.edge.EdgeDriver
Command: [4a2dbb008fcc3f18c69bebf1358876a7, findElement {using=xpath, value=//*[@formcontrolname=&amp;apos;LoginId&amp;apos;]}]
Capabilities {acceptInsecureCerts: false, browserName: MicrosoftEdge, browserVersion: 127.0.2651.74, fedcm:accounts: true, ms:edgeOptions: {debuggerAddress: localhost:60656}, msedge: {msedgedriverVersion: 127.0.2651.74 (dbf5b0aa014c..., userDataDir: C:\Users\sharuk.k\AppData\L...}, networkConnectionEnabled: false, pageLoadStrategy: normal, platformName: WINDOWS, proxy: Proxy(), se:cdp: ws://localhost:60656/devtoo..., se:cdpVersion: 127.0.2651.74, setWindowRect: true, strictFileInteractability: false, timeouts: {implicit: 0, pageLoad: 300000, script: 30000}, unhandledPromptBehavior: dismiss and notify, webauthn:extension:credBlob: true, webauthn:extension:largeBlob: true, webauthn:extension:minPinLength: true, webauthn:extension:prf: true, webauthn:virtualAuthenticators: true}
Session ID: 4a2dbb008fcc3f18c69bebf1358876a7">
      <![CDATA[org.openqa.selenium.NoSuchWindowException: no such window: target window already closed
from unknown error: web view not found
  (Session info: MicrosoftEdge=127.0.2651.74)
Build info: version: '4.9.0', revision: 'd7057100a6'
System info: os.name: 'Windows 10', os.arch: 'amd64', os.version: '10.0', java.version: '18.0.2.1'
Driver info: org.openqa.selenium.edge.EdgeDriver
Command: [4a2dbb008fcc3f18c69bebf1358876a7, findElement {using=xpath, value=//*[@formcontrolname='LoginId']}]
Capabilities {acceptInsecureCerts: false, browserName: MicrosoftEdge, browserVersion: 127.0.2651.74, fedcm:accounts: true, ms:edgeOptions: {debuggerAddress: localhost:60656}, msedge: {msedgedriverVersion: 127.0.2651.74 (dbf5b0aa014c..., userDataDir: C:\Users\sharuk.k\AppData\L...}, networkConnectionEnabled: false, pageLoadStrategy: normal, platformName: WINDOWS, proxy: Proxy(), se:cdp: ws://localhost:60656/devtoo..., se:cdpVersion: 127.0.2651.74, setWindowRect: true, strictFileInteractability: false, timeouts: {implicit: 0, pageLoad: 300000, script: 30000}, unhandledPromptBehavior: dismiss and notify, webauthn:extension:credBlob: true, webauthn:extension:largeBlob: true, webauthn:extension:minPinLength: true, webauthn:extension:prf: true, webauthn:virtualAuthenticators: true}
Session ID: 4a2dbb008fcc3f18c69bebf1358876a7
at org.openqa.selenium.remote.codec.w3c.W3CHttpResponseCodec.createException(W3CHttpResponseCodec.java:200)
at org.openqa.selenium.remote.codec.w3c.W3CHttpResponseCodec.decode(W3CHttpResponseCodec.java:133)
at org.openqa.selenium.remote.codec.w3c.W3CHttpResponseCodec.decode(W3CHttpResponseCodec.java:53)
at org.openqa.selenium.remote.HttpCommandExecutor.execute(HttpCommandExecutor.java:193)
at org.openqa.selenium.remote.service.DriverCommandExecutor.invokeExecute(DriverCommandExecutor.java:183)
at org.openqa.selenium.remote.service.DriverCommandExecutor.execute(DriverCommandExecutor.java:158)
at org.openqa.selenium.remote.RemoteWebDriver.execute(RemoteWebDriver.java:543)
at org.openqa.selenium.remote.ElementLocation$ElementFinder$2.findElement(ElementLocation.java:162)
at org.openqa.selenium.remote.ElementLocation.findElement(ElementLocation.java:60)
at org.openqa.selenium.remote.RemoteWebDriver.findElement(RemoteWebDriver.java:352)
at org.openqa.selenium.remote.RemoteWebDriver.findElement(RemoteWebDriver.java:344)
at F.utilities.BaseClass.WMPS_Login(BaseClass.java:408)
at ZZ_Issues_AutomationTestScripts.Material_Inventory_Reports.Create(Material_Inventory_Reports.java:41)
at java.base/java.util.ArrayList.forEach(ArrayList.java:1511)
... Removed 28 stack frames]]>
    </failure>
  </testcase> <!-- Create -->
  <testcase classname="ZZ_Issues_AutomationTestScripts.TC_01_Material_Master_Release_RM" name="Ordertypr" time="0.008"/>
  <testcase classname="F.utilities.BaseClass" name="@BeforeTest getReportObject" time="0.0">
    <ignored/>
  </testcase> <!-- @BeforeTest getReportObject -->
  <testcase classname="F.utilities.BaseClass" name="@BeforeTest suiteSetUp" time="0.0">
    <ignored/>
  </testcase> <!-- @BeforeTest suiteSetUp -->
  <testcase classname="F.utilities.BaseClass" name="@BeforeTest getReportObject" time="0.0">
    <ignored/>
  </testcase> <!-- @BeforeTest getReportObject -->
  <testcase classname="F.utilities.BaseClass" name="@BeforeTest suiteSetUp" time="0.0">
    <ignored/>
  </testcase> <!-- @BeforeTest suiteSetUp -->
  <testcase classname="F.utilities.BaseClass" name="@BeforeTest getReportObject" time="0.0">
    <ignored/>
  </testcase> <!-- @BeforeTest getReportObject -->
  <testcase classname="F.utilities.BaseClass" name="@BeforeTest suiteSetUp" time="0.0">
    <ignored/>
  </testcase> <!-- @BeforeTest suiteSetUp -->
  <testcase classname="F.utilities.BaseClass" name="@BeforeTest suiteSetUp" time="0.0">
    <ignored/>
  </testcase> <!-- @BeforeTest suiteSetUp -->
  <testcase classname="F.utilities.BaseClass" name="@BeforeTest getReportObject" time="0.0">
    <ignored/>
  </testcase> <!-- @BeforeTest getReportObject -->
  <testcase classname="F.utilities.BaseClass" name="@BeforeTest suiteSetUp" time="0.0">
    <ignored/>
  </testcase> <!-- @BeforeTest suiteSetUp -->
  <testcase classname="F.utilities.BaseClass" name="@BeforeTest getReportObject" time="0.0">
    <ignored/>
  </testcase> <!-- @BeforeTest getReportObject -->
  <testcase classname="F.utilities.BaseClass" name="@BeforeTest suiteSetUp" time="0.0">
    <ignored/>
  </testcase> <!-- @BeforeTest suiteSetUp -->
  <testcase classname="F.utilities.BaseClass" name="@BeforeTest suiteSetUp" time="0.0">
    <ignored/>
  </testcase> <!-- @BeforeTest suiteSetUp -->
  <testcase classname="F.utilities.BaseClass" name="@BeforeTest getReportObject" time="0.0">
    <ignored/>
  </testcase> <!-- @BeforeTest getReportObject -->
  <testcase classname="F.utilities.BaseClass" name="@BeforeTest getReportObject" time="0.0">
    <ignored/>
  </testcase> <!-- @BeforeTest getReportObject -->
  <testcase classname="F.utilities.BaseClass" name="@BeforeTest getReportObject" time="0.0">
    <ignored/>
  </testcase> <!-- @BeforeTest getReportObject -->
  <testcase classname="F.utilities.BaseClass" name="@BeforeTest suiteSetUp" time="0.0">
    <ignored/>
  </testcase> <!-- @BeforeTest suiteSetUp -->
  <testcase classname="F.utilities.BaseClass" name="@BeforeTest suiteSetUp" time="0.0">
    <ignored/>
  </testcase> <!-- @BeforeTest suiteSetUp -->
  <testcase classname="F.utilities.BaseClass" name="@BeforeTest getReportObject" time="0.0">
    <ignored/>
  </testcase> <!-- @BeforeTest getReportObject -->
  <testcase classname="F.utilities.BaseClass" name="@BeforeTest suiteSetUp" time="0.0">
    <ignored/>
  </testcase> <!-- @BeforeTest suiteSetUp -->
  <testcase classname="F.utilities.BaseClass" name="@BeforeTest suiteSetUp" time="0.0">
    <ignored/>
  </testcase> <!-- @BeforeTest suiteSetUp -->
  <testcase classname="F.utilities.BaseClass" name="@BeforeTest getReportObject" time="0.0">
    <ignored/>
  </testcase> <!-- @BeforeTest getReportObject -->
  <testcase classname="F.utilities.BaseClass" name="@BeforeTest getReportObject" time="0.0">
    <ignored/>
  </testcase> <!-- @BeforeTest getReportObject -->
  <testcase classname="F.utilities.BaseClass" name="@BeforeTest suiteSetUp" time="0.0">
    <ignored/>
  </testcase> <!-- @BeforeTest suiteSetUp -->
  <testcase classname="F.utilities.BaseClass" name="@BeforeTest getReportObject" time="0.0">
    <ignored/>
  </testcase> <!-- @BeforeTest getReportObject -->
  <testcase classname="F.utilities.BaseClass" name="@BeforeTest getReportObject" time="0.0">
    <ignored/>
  </testcase> <!-- @BeforeTest getReportObject -->
  <testcase classname="F.utilities.BaseClass" name="@BeforeTest suiteSetUp" time="0.0">
    <ignored/>
  </testcase> <!-- @BeforeTest suiteSetUp -->
</testsuite> <!-- Test -->
