<?xml version="1.0" encoding="UTF-8"?>
<!-- Generated by org.testng.reporters.JUnitXMLReporter -->
<testsuite ignored="0" hostname="AILT-100416" failures="1" tests="1" name="ReleseAndReturnTest" time="52.019" errors="0" timestamp="2024-08-03T18:19:36 IST">
  <testcase classname="ZZ_Issues_AutomationTestScripts.QualityInspectionBatch1update" name="Release" time="47.755">
    <failure type="java.lang.AssertionError" message="Material Code is mismatched in view expected [CompioundType-12] but found [RML395]">
      <![CDATA[java.lang.AssertionError: Material Code is mismatched in view expected [CompioundType-12] but found [RML395]
at ZZ_Issues_AutomationTestScripts.QualityInspectionBatch1update.Release(QualityInspectionBatch1update.java:81)
at java.base/java.util.ArrayList.forEach(ArrayList.java:1511)
... Removed 30 stack frames]]>
    </failure>
  </testcase> <!-- Release -->
</testsuite> <!-- ReleseAndReturnTest -->
